[root] INFO: Starting GeneanetSpider 0.1.0
[scrapy.utils.log] INFO: Scrapy 2.9.0 started (bot: geneanet)
[scrapy.utils.log] INFO: Versions: lxml 4.9.2.0, libxml2 2.10.4, cssselect 1.2.0, parsel 1.8.1, w3lib 2.1.1, Twisted 22.10.0, Python 3.11.3 | packaged by conda-forge | (main, Apr  6 2023, 08:50:54) [MSC v.1934 64 bit (AMD64)], pyOpenSSL 23.2.0 (OpenSSL 3.1.1 30 May 2023), cryptography 41.0.0, Platform Windows-10-10.0.22621-SP0
[scrapy.crawler] INFO: Overridden settings:
{'BOT_NAME': 'geneanet',
 'DUPEFILTER_CLASS': 'scrapy.dupefilters.BaseDupeFilter',
 'FEED_EXPORT_ENCODING': 'utf-8',
 'LOGSTATS_INTERVAL': 0,
 'NEWSPIDER_MODULE': 'geneanet.spiders',
 'REQUEST_FINGERPRINTER_IMPLEMENTATION': '2.7',
 'ROBOTSTXT_OBEY': True,
 'SPIDER_MODULES': ['geneanet.spiders'],
 'TWISTED_REACTOR': 'twisted.internet.asyncioreactor.AsyncioSelectorReactor'}
[asyncio] DEBUG: Using selector: SelectSelector
[scrapy.utils.log] DEBUG: Using reactor: twisted.internet.asyncioreactor.AsyncioSelectorReactor
[scrapy.utils.log] DEBUG: Using asyncio event loop: asyncio.windows_events._WindowsSelectorEventLoop
[scrapy.extensions.telnet] INFO: Telnet Password: 7d82484ab18756be
[scrapy.middleware] INFO: Enabled extensions:
['scrapy.extensions.corestats.CoreStats',
 'scrapy.extensions.telnet.TelnetConsole']
[scrapy.middleware] INFO: Enabled downloader middlewares:
['scrapy.downloadermiddlewares.robotstxt.RobotsTxtMiddleware',
 'scrapy.downloadermiddlewares.httpauth.HttpAuthMiddleware',
 'scrapy.downloadermiddlewares.downloadtimeout.DownloadTimeoutMiddleware',
 'scrapy.downloadermiddlewares.defaultheaders.DefaultHeadersMiddleware',
 'scrapy.downloadermiddlewares.useragent.UserAgentMiddleware',
 'scrapy.downloadermiddlewares.retry.RetryMiddleware',
 'scrapy.downloadermiddlewares.redirect.MetaRefreshMiddleware',
 'scrapy.downloadermiddlewares.httpcompression.HttpCompressionMiddleware',
 'scrapy.downloadermiddlewares.redirect.RedirectMiddleware',
 'scrapy.downloadermiddlewares.cookies.CookiesMiddleware',
 'scrapy.downloadermiddlewares.httpproxy.HttpProxyMiddleware',
 'scrapy.downloadermiddlewares.stats.DownloaderStats']
[scrapy.middleware] INFO: Enabled spider middlewares:
['scrapy.spidermiddlewares.httperror.HttpErrorMiddleware',
 'scrapy.spidermiddlewares.offsite.OffsiteMiddleware',
 'scrapy.spidermiddlewares.referer.RefererMiddleware',
 'scrapy.spidermiddlewares.urllength.UrlLengthMiddleware',
 'scrapy.spidermiddlewares.depth.DepthMiddleware']
[scrapy.middleware] INFO: Enabled item pipelines:
[]
[scrapy.extensions.telnet] INFO: Telnet console listening on 127.0.0.1:6023
[scrapy.core.engine] INFO: Spider opened
[scrapy.core.engine] DEBUG: Crawled (200) <GET https://gw.geneanet.org/robots.txt> (referer: None)
[scrapy.downloadermiddlewares.redirect] DEBUG: Redirecting (302) to <GET https://gw.geneanet.org/nraibaut2?lang=fr&n=dupont&oc=0&p=gerard> from <GET https://gw.geneanet.org/nraibaut2_w?lang=fr&n=dupont&oc=0&p=gerard>
[scrapy.core.engine] DEBUG: Crawled (200) <GET https://gw.geneanet.org/nraibaut2?lang=fr&n=dupont&oc=0&p=gerard> (referer: None)
[root] INFO: Starting GeneanetSpider 0.1.0
[scrapy.utils.log] INFO: Scrapy 2.9.0 started (bot: geneanet)
[scrapy.utils.log] INFO: Versions: lxml 4.9.2.0, libxml2 2.10.4, cssselect 1.2.0, parsel 1.8.1, w3lib 2.1.1, Twisted 22.10.0, Python 3.11.3 | packaged by conda-forge | (main, Apr  6 2023, 08:50:54) [MSC v.1934 64 bit (AMD64)], pyOpenSSL 23.2.0 (OpenSSL 3.1.1 30 May 2023), cryptography 41.0.0, Platform Windows-10-10.0.22621-SP0
[scrapy.crawler] INFO: Overridden settings:
{'BOT_NAME': 'geneanet',
 'FEED_EXPORT_ENCODING': 'utf-8',
 'NEWSPIDER_MODULE': 'geneanet.spiders',
 'REQUEST_FINGERPRINTER_IMPLEMENTATION': '2.7',
 'ROBOTSTXT_OBEY': True,
 'SPIDER_MODULES': ['geneanet.spiders'],
 'TWISTED_REACTOR': 'twisted.internet.asyncioreactor.AsyncioSelectorReactor'}
[asyncio] DEBUG: Using selector: SelectSelector
[scrapy.utils.log] DEBUG: Using reactor: twisted.internet.asyncioreactor.AsyncioSelectorReactor
[scrapy.utils.log] DEBUG: Using asyncio event loop: asyncio.windows_events._WindowsSelectorEventLoop
[scrapy.extensions.telnet] INFO: Telnet Password: 94ca00c475f1fee2
[scrapy.middleware] INFO: Enabled extensions:
['scrapy.extensions.corestats.CoreStats',
 'scrapy.extensions.telnet.TelnetConsole',
 'scrapy.extensions.logstats.LogStats']
[scrapy.middleware] INFO: Enabled downloader middlewares:
['scrapy.downloadermiddlewares.robotstxt.RobotsTxtMiddleware',
 'scrapy.downloadermiddlewares.httpauth.HttpAuthMiddleware',
 'scrapy.downloadermiddlewares.downloadtimeout.DownloadTimeoutMiddleware',
 'scrapy.downloadermiddlewares.defaultheaders.DefaultHeadersMiddleware',
 'scrapy.downloadermiddlewares.useragent.UserAgentMiddleware',
 'scrapy.downloadermiddlewares.retry.RetryMiddleware',
 'scrapy.downloadermiddlewares.redirect.MetaRefreshMiddleware',
 'scrapy.downloadermiddlewares.httpcompression.HttpCompressionMiddleware',
 'scrapy.downloadermiddlewares.redirect.RedirectMiddleware',
 'scrapy.downloadermiddlewares.cookies.CookiesMiddleware',
 'scrapy.downloadermiddlewares.httpproxy.HttpProxyMiddleware',
 'scrapy.downloadermiddlewares.stats.DownloaderStats']
[scrapy.middleware] INFO: Enabled spider middlewares:
['scrapy.spidermiddlewares.httperror.HttpErrorMiddleware',
 'scrapy.spidermiddlewares.offsite.OffsiteMiddleware',
 'scrapy.spidermiddlewares.referer.RefererMiddleware',
 'scrapy.spidermiddlewares.urllength.UrlLengthMiddleware',
 'scrapy.spidermiddlewares.depth.DepthMiddleware']
[scrapy.middleware] INFO: Enabled item pipelines:
[]
[scrapy.core.engine] INFO: Spider opened
[scrapy.extensions.logstats] INFO: Crawled 0 pages (at 0 pages/min), scraped 0 items (at 0 items/min)
[scrapy.extensions.telnet] INFO: Telnet console listening on 127.0.0.1:6024
[scrapy.core.engine] ERROR: Error while obtaining start requests
Traceback (most recent call last):
  File "C:\Users\Nicolas\.conda\envs\scrapy\Lib\site-packages\scrapy\core\engine.py", line 182, in _next_request
    request = next(self.slot.start_requests)
              ^^^^^^^^^^^^^^^^^^^^^^^^^^^^^^
  File "D:\Users\Nicolas\Documents\Python\geneanet\geneanet\spiders\geneanet_spider.py", line 73, in start_requests
    result_name = url_to_filename(self.url)
                  ^^^^^^^^^^^^^^^
NameError: name 'url_to_filename' is not defined
[scrapy.core.engine] INFO: Closing spider (finished)
[geneanet] INFO: NRa Spider 'geneanet' closed :
[geneanet] INFO: - nb_persons         = 0
[geneanet] INFO: - nb_families        = 0
[geneanet] INFO: - max_generations    = 0
[geneanet] INFO: - nb_titres_noblesse = 0
[geneanet] INFO: - nb_errors          = 0
[geneanet] INFO: - nb_warnings        = 0
[scrapy.utils.signal] ERROR: Error caught on signal handler: <bound method GeneanetSpider.spider_closed of <GeneanetSpider 'geneanet' at 0x208d1b13dd0>>
Traceback (most recent call last):
  File "C:\Users\Nicolas\.conda\envs\scrapy\Lib\site-packages\scrapy\utils\defer.py", line 315, in maybeDeferred_coro
    result = f(*args, **kw)
  File "C:\Users\Nicolas\.conda\envs\scrapy\Lib\site-packages\pydispatch\robustapply.py", line 55, in robustApply
    return receiver(*arguments, **named)
  File "D:\Users\Nicolas\Documents\Python\geneanet\geneanet\spiders\geneanet_spider.py", line 266, in spider_closed
    self.csv.write(f"# {self.nb_persons} persons, {self.nb_families} families, {self.max_generations} generations, {self.nb_titres_noblesse} titres de noblesse\n")
AttributeError: 'GeneanetSpider' object has no attribute 'csv'
[scrapy.statscollectors] INFO: Dumping Scrapy stats:
{'elapsed_time_seconds': 0.002969,
 'finish_reason': 'finished',
 'finish_time': datetime.datetime(2023, 8, 7, 17, 33, 39, 231405),
 'log_count/DEBUG': 3,
 'log_count/ERROR': 2,
 'log_count/INFO': 17,
 'start_time': datetime.datetime(2023, 8, 7, 17, 33, 39, 228436)}
[scrapy.core.engine] INFO: Spider closed (finished)
[root] INFO: Starting GeneanetSpider 0.1.0
[scrapy.utils.log] INFO: Scrapy 2.9.0 started (bot: geneanet)
[scrapy.utils.log] INFO: Versions: lxml 4.9.2.0, libxml2 2.10.4, cssselect 1.2.0, parsel 1.8.1, w3lib 2.1.1, Twisted 22.10.0, Python 3.11.3 | packaged by conda-forge | (main, Apr  6 2023, 08:50:54) [MSC v.1934 64 bit (AMD64)], pyOpenSSL 23.2.0 (OpenSSL 3.1.1 30 May 2023), cryptography 41.0.0, Platform Windows-10-10.0.22621-SP0
[scrapy.crawler] INFO: Overridden settings:
{'BOT_NAME': 'geneanet',
 'FEED_EXPORT_ENCODING': 'utf-8',
 'NEWSPIDER_MODULE': 'geneanet.spiders',
 'REQUEST_FINGERPRINTER_IMPLEMENTATION': '2.7',
 'ROBOTSTXT_OBEY': True,
 'SPIDER_MODULES': ['geneanet.spiders'],
 'TWISTED_REACTOR': 'twisted.internet.asyncioreactor.AsyncioSelectorReactor'}
[asyncio] DEBUG: Using selector: SelectSelector
[scrapy.utils.log] DEBUG: Using reactor: twisted.internet.asyncioreactor.AsyncioSelectorReactor
[scrapy.utils.log] DEBUG: Using asyncio event loop: asyncio.windows_events._WindowsSelectorEventLoop
[scrapy.extensions.telnet] INFO: Telnet Password: cdfb19802ef9c15c
[scrapy.middleware] INFO: Enabled extensions:
['scrapy.extensions.corestats.CoreStats',
 'scrapy.extensions.telnet.TelnetConsole',
 'scrapy.extensions.logstats.LogStats']
[scrapy.middleware] INFO: Enabled downloader middlewares:
['scrapy.downloadermiddlewares.robotstxt.RobotsTxtMiddleware',
 'scrapy.downloadermiddlewares.httpauth.HttpAuthMiddleware',
 'scrapy.downloadermiddlewares.downloadtimeout.DownloadTimeoutMiddleware',
 'scrapy.downloadermiddlewares.defaultheaders.DefaultHeadersMiddleware',
 'scrapy.downloadermiddlewares.useragent.UserAgentMiddleware',
 'scrapy.downloadermiddlewares.retry.RetryMiddleware',
 'scrapy.downloadermiddlewares.redirect.MetaRefreshMiddleware',
 'scrapy.downloadermiddlewares.httpcompression.HttpCompressionMiddleware',
 'scrapy.downloadermiddlewares.redirect.RedirectMiddleware',
 'scrapy.downloadermiddlewares.cookies.CookiesMiddleware',
 'scrapy.downloadermiddlewares.httpproxy.HttpProxyMiddleware',
 'scrapy.downloadermiddlewares.stats.DownloaderStats']
[scrapy.middleware] INFO: Enabled spider middlewares:
['scrapy.spidermiddlewares.httperror.HttpErrorMiddleware',
 'scrapy.spidermiddlewares.offsite.OffsiteMiddleware',
 'scrapy.spidermiddlewares.referer.RefererMiddleware',
 'scrapy.spidermiddlewares.urllength.UrlLengthMiddleware',
 'scrapy.spidermiddlewares.depth.DepthMiddleware']
[scrapy.middleware] INFO: Enabled item pipelines:
[]
[scrapy.core.engine] INFO: Spider opened
[scrapy.extensions.logstats] INFO: Crawled 0 pages (at 0 pages/min), scraped 0 items (at 0 items/min)
[scrapy.extensions.telnet] INFO: Telnet console listening on 127.0.0.1:6024
[scrapy.core.engine] ERROR: Error while obtaining start requests
Traceback (most recent call last):
  File "C:\Users\Nicolas\.conda\envs\scrapy\Lib\site-packages\scrapy\core\engine.py", line 182, in _next_request
    request = next(self.slot.start_requests)
              ^^^^^^^^^^^^^^^^^^^^^^^^^^^^^^
  File "D:\Users\Nicolas\Documents\Python\geneanet\geneanet\spiders\geneanet_spider.py", line 73, in start_requests
    result_name = url_to_filename(self.url)
                  ^^^^^^^^^^^^^^^
NameError: name 'url_to_filename' is not defined
[scrapy.core.engine] INFO: Closing spider (finished)
[geneanet] INFO: NRa Spider 'geneanet' closed :
[geneanet] INFO: - nb_persons         = 0
[geneanet] INFO: - nb_families        = 0
[geneanet] INFO: - max_generations    = 0
[geneanet] INFO: - nb_titres_noblesse = 0
[geneanet] INFO: - nb_errors          = 0
[geneanet] INFO: - nb_warnings        = 0
[scrapy.utils.signal] ERROR: Error caught on signal handler: <bound method GeneanetSpider.spider_closed of <GeneanetSpider 'geneanet' at 0x11d38330410>>
Traceback (most recent call last):
  File "C:\Users\Nicolas\.conda\envs\scrapy\Lib\site-packages\scrapy\utils\defer.py", line 315, in maybeDeferred_coro
    result = f(*args, **kw)
  File "C:\Users\Nicolas\.conda\envs\scrapy\Lib\site-packages\pydispatch\robustapply.py", line 55, in robustApply
    return receiver(*arguments, **named)
  File "D:\Users\Nicolas\Documents\Python\geneanet\geneanet\spiders\geneanet_spider.py", line 266, in spider_closed
    self.csv.write(f"# {self.nb_persons} persons, {self.nb_families} families, {self.max_generations} generations, {self.nb_titres_noblesse} titres de noblesse\n")
AttributeError: 'GeneanetSpider' object has no attribute 'csv'
[scrapy.statscollectors] INFO: Dumping Scrapy stats:
{'elapsed_time_seconds': 0.003,
 'finish_reason': 'finished',
 'finish_time': datetime.datetime(2023, 8, 7, 17, 34, 12, 411231),
 'log_count/DEBUG': 3,
 'log_count/ERROR': 2,
 'log_count/INFO': 17,
 'start_time': datetime.datetime(2023, 8, 7, 17, 34, 12, 408231)}
[scrapy.core.engine] INFO: Spider closed (finished)
[root] INFO: Starting GeneanetSpider 0.1.0
[scrapy.utils.log] INFO: Scrapy 2.9.0 started (bot: geneanet)
[scrapy.utils.log] INFO: Versions: lxml 4.9.2.0, libxml2 2.10.4, cssselect 1.2.0, parsel 1.8.1, w3lib 2.1.1, Twisted 22.10.0, Python 3.11.3 | packaged by conda-forge | (main, Apr  6 2023, 08:50:54) [MSC v.1934 64 bit (AMD64)], pyOpenSSL 23.2.0 (OpenSSL 3.1.1 30 May 2023), cryptography 41.0.0, Platform Windows-10-10.0.22621-SP0
[scrapy.crawler] INFO: Overridden settings:
{'BOT_NAME': 'geneanet',
 'FEED_EXPORT_ENCODING': 'utf-8',
 'NEWSPIDER_MODULE': 'geneanet.spiders',
 'REQUEST_FINGERPRINTER_IMPLEMENTATION': '2.7',
 'ROBOTSTXT_OBEY': True,
 'SPIDER_MODULES': ['geneanet.spiders'],
 'TWISTED_REACTOR': 'twisted.internet.asyncioreactor.AsyncioSelectorReactor'}
[asyncio] DEBUG: Using selector: SelectSelector
[scrapy.utils.log] DEBUG: Using reactor: twisted.internet.asyncioreactor.AsyncioSelectorReactor
[scrapy.utils.log] DEBUG: Using asyncio event loop: asyncio.windows_events._WindowsSelectorEventLoop
[scrapy.extensions.telnet] INFO: Telnet Password: b2abad4c1de15914
[scrapy.middleware] INFO: Enabled extensions:
['scrapy.extensions.corestats.CoreStats',
 'scrapy.extensions.telnet.TelnetConsole',
 'scrapy.extensions.logstats.LogStats']
[scrapy.middleware] INFO: Enabled downloader middlewares:
['scrapy.downloadermiddlewares.robotstxt.RobotsTxtMiddleware',
 'scrapy.downloadermiddlewares.httpauth.HttpAuthMiddleware',
 'scrapy.downloadermiddlewares.downloadtimeout.DownloadTimeoutMiddleware',
 'scrapy.downloadermiddlewares.defaultheaders.DefaultHeadersMiddleware',
 'scrapy.downloadermiddlewares.useragent.UserAgentMiddleware',
 'scrapy.downloadermiddlewares.retry.RetryMiddleware',
 'scrapy.downloadermiddlewares.redirect.MetaRefreshMiddleware',
 'scrapy.downloadermiddlewares.httpcompression.HttpCompressionMiddleware',
 'scrapy.downloadermiddlewares.redirect.RedirectMiddleware',
 'scrapy.downloadermiddlewares.cookies.CookiesMiddleware',
 'scrapy.downloadermiddlewares.httpproxy.HttpProxyMiddleware',
 'scrapy.downloadermiddlewares.stats.DownloaderStats']
[scrapy.middleware] INFO: Enabled spider middlewares:
['scrapy.spidermiddlewares.httperror.HttpErrorMiddleware',
 'scrapy.spidermiddlewares.offsite.OffsiteMiddleware',
 'scrapy.spidermiddlewares.referer.RefererMiddleware',
 'scrapy.spidermiddlewares.urllength.UrlLengthMiddleware',
 'scrapy.spidermiddlewares.depth.DepthMiddleware']
[scrapy.middleware] INFO: Enabled item pipelines:
[]
[scrapy.core.engine] INFO: Spider opened
[scrapy.extensions.logstats] INFO: Crawled 0 pages (at 0 pages/min), scraped 0 items (at 0 items/min)
[scrapy.extensions.telnet] INFO: Telnet console listening on 127.0.0.1:6024
[geneanet] DEBUG: start_requests
[geneanet] DEBUG: URL = https://gw.geneanet.org/nraibaut2_w?lang=fr&n=dupont&oc=0&p=gerard
[geneanet] DEBUG: result_name = gw.geneanet.org.nraibaut2_w.lang=fr.n=dupont.oc=0.p=gerard
[geneanet] DEBUG: gedcom_result_filename = gw.geneanet.org.nraibaut2_w.lang=fr.n=dupont.oc=0.p=gerard.ged
[gedcomw.parser] INFO: nra_set_header : set_header : note='Cette généalogie a été créée par GeneanetSpider le 07/08/2023 à 19:34 à partir de https://gw.geneanet.org/nraibaut2_w?lang=fr&n=dupont&oc=0&p=gerard' ...
[geneanet] DEBUG: csv result = result/gw.geneanet.org.nraibaut2_w.lang=fr.n=dupont.oc=0.p=gerard.csv
[scrapy.core.engine] DEBUG: Crawled (200) <GET https://gw.geneanet.org/robots.txt> (referer: None)
[scrapy.downloadermiddlewares.redirect] DEBUG: Redirecting (302) to <GET https://gw.geneanet.org/nraibaut2?lang=fr&n=dupont&oc=0&p=gerard> from <GET https://gw.geneanet.org/nraibaut2_w?lang=fr&n=dupont&oc=0&p=gerard>
[scrapy.core.engine] DEBUG: Crawled (200) <GET https://gw.geneanet.org/nraibaut2?lang=fr&n=dupont&oc=0&p=gerard> (referer: None)
[geneanet] DEBUG: Saving page https://gw.geneanet.org/nraibaut2?lang=fr&n=dupont&oc=0&p=gerard to 'result/pages/gw.geneanet.org.nraibaut2.lang=fr.n=dupont.oc=0.p=gerard.csv'
[geneanet] DEBUG: Generation 1, sosa 1, id @I00001@ : 'Gérard' 'DUPONT' (M) (https://gw.geneanet.org/nraibaut2?lang=fr&n=dupont&oc=0&p=gerard) pause=0ms
[geneanet] DEBUG: Generation 1, sosa 1 : Gérard DUPONT : info = 'Né le 22 mars 1882 - Paris, France'
[geneanet] DEBUG: Generation 1, sosa 1 : Gérard DUPONT : info = 'Baptisé le 18 mai 1882 - Paris, France'
[geneanet] DEBUG: Generation 1, sosa 1 : Gérard DUPONT : info = 'Décédé le 10 avril 1892 - Nice, FRANCE, à l'âge de 10 ans'
[geneanet] DEBUG: Generation 1, sosa 1 : Gérard DUPONT : info = 'Inhumé le 11 avril 1892 - Nice, FRANCE'
[geneanet] DEBUG: Generation 1, sosa 1 : Gérard DUPONT : info = 'Profession de Gérard'
[geneanet] DEBUG: Generation 1, sosa 1 : Gérard DUPONT : titre_noblesse = 'Titre de Gérard'
[geneanet] DEBUG: Generation 1, sosa 1 : Gérard DUPONT : event_nom = 'Naissance  - Paris, France'
[geneanet] DEBUG: Generation 1, sosa 1 : Gérard DUPONT : event_notes = 'Note1 sur la naissance  
Note2 sur la naissance'
[geneanet] DEBUG: Generation 1, sosa 1 : Gérard DUPONT : event_sources = 'Sources: <https://www.source_naissance.fr/>  
Texte1 source naissance  
Texte2 source naissance'
[geneanet] DEBUG: Generation 1, sosa 1 : Gérard DUPONT : event_date = '22 mars 1882'
[geneanet] DEBUG: Generation 1, sosa 1 : Gérard DUPONT : event_nom = 'Baptême  - Paris, France'
[geneanet] DEBUG: Generation 1, sosa 1 : Gérard DUPONT : event_notes = 'Note1 sur le baptême  
Note2 sur le baptême'
[geneanet] DEBUG: Generation 1, sosa 1 : Gérard DUPONT : event_sources = 'Sources: <https://www.source_bapteme.fr/>  
Texte1 source baptême  
Texte2 source baptême'
[geneanet] DEBUG: Generation 1, sosa 1 : Gérard DUPONT : event_date = '18 mai 1882'
[geneanet] DEBUG: Generation 1, sosa 1 : Gérard DUPONT : event_nom = 'Profession'
[geneanet] DEBUG: Generation 1, sosa 1 : Gérard DUPONT : event_notes = 'Profession de Gérard  
Note1 sur la profession  
Note2 sur la profession'
[geneanet] DEBUG: Generation 1, sosa 1 : Gérard DUPONT : event_sources = 'Sources: <https://www.source_profession.fr/>  
Texte1 source profession  
Texte2 source profession'
[geneanet] DEBUG: Generation 1, sosa 1 : Gérard DUPONT : event_nom = 'Domicile  - Lyon, France'
[geneanet] DEBUG: Generation 1, sosa 1 : Gérard DUPONT : event_notes = 'Note1 sur la résidence  
Note2 sur la résidence'
[geneanet] DEBUG: Generation 1, sosa 1 : Gérard DUPONT : event_sources = 'Sources: <https://www.source_residence.fr/>  
Texte1 source résidence  
Texte2 source résidence'
[geneanet] DEBUG: Generation 1, sosa 1 : Gérard DUPONT : event_nom = 'Diplôme  - Nice, FRANCE'
[geneanet] DEBUG: Generation 1, sosa 1 : Gérard DUPONT : event_notes = 'Certificat d'études  
Note1 sur diplôme  
Note2 sur diplôme'
[geneanet] DEBUG: Generation 1, sosa 1 : Gérard DUPONT : event_sources = 'Sources: <https://www.source_diplome.fr/>  
Texte1 source diplôme  
Texte2 source diplôme'
[geneanet] DEBUG: Generation 1, sosa 1 : Gérard DUPONT : event_date = '1er juillet 1891'
[geneanet] DEBUG: Generation 1, sosa 1 : Gérard DUPONT : event_nom = 'Décès  - Nice, FRANCE'
[geneanet] DEBUG: Generation 1, sosa 1 : Gérard DUPONT : event_notes = 'Note1 sur le décès  
Note2 sur le décès'
[geneanet] DEBUG: Generation 1, sosa 1 : Gérard DUPONT : event_sources = 'Sources: <https://www.source_deces.fr/> \- Texte1 source décès  
Texte2 source décès'
[geneanet] DEBUG: Generation 1, sosa 1 : Gérard DUPONT : event_date = '10 avril 1892'
[geneanet] DEBUG: Generation 1, sosa 1 : Gérard DUPONT : event_nom = 'Inhumation  - Nice, FRANCE'
[geneanet] DEBUG: Generation 1, sosa 1 : Gérard DUPONT : event_notes = 'Note1 sur l'inhumation  
Note2 sur l'inhumation'
[geneanet] DEBUG: Generation 1, sosa 1 : Gérard DUPONT : event_sources = 'Sources: <https://www.source_inhumation.fr/>  
Texte1 source inhumation  
Texte2 source inhumation'
[geneanet] DEBUG: Generation 1, sosa 1 : Gérard DUPONT : event_date = '11 avril 1892'
[geneanet] DEBUG: Generation 1, sosa 1 : Gérard DUPONT : source = '* Personne: <https://www.source_general.fr/>  
Texte1 source général  
Texte2 source général'
[geneanet] DEBUG: URL parent (forme 2) 1 = https://gw.geneanet.org/nraibaut2?lang=fr&p=pierre&n=dupont
[geneanet] DEBUG: URL parent (forme 2) 2 = https://gw.geneanet.org/nraibaut2?lang=fr&p=marie+paule&n=durand
[scrapy.core.engine] DEBUG: Crawled (200) <GET https://gw.geneanet.org/nraibaut2?lang=fr&p=pierre&n=dupont> (referer: https://gw.geneanet.org/nraibaut2?lang=fr&n=dupont&oc=0&p=gerard)
[scrapy.core.engine] DEBUG: Crawled (200) <GET https://gw.geneanet.org/nraibaut2?lang=fr&p=marie+paule&n=durand> (referer: https://gw.geneanet.org/nraibaut2?lang=fr&n=dupont&oc=0&p=gerard)
[geneanet] DEBUG: Saving page https://gw.geneanet.org/nraibaut2?lang=fr&p=pierre&n=dupont to 'result/pages/gw.geneanet.org.nraibaut2.lang=fr.p=pierre.n=dupont.csv'
[geneanet] DEBUG: Generation 2, sosa 2, id @I00002@ : 'Pierre' 'DUPONT' (M) (https://gw.geneanet.org/nraibaut2?lang=fr&p=pierre&n=dupont) pause=0ms
[geneanet] DEBUG: 'Pierre' 'DUPONT' parent de @I00001@
[geneanet] DEBUG: Generation 2, sosa 2 : Pierre DUPONT : info = 'Né le 1er septembre 1850'
[geneanet] DEBUG: Generation 2, sosa 2 : Pierre DUPONT : info = 'Décédé le 1er avril 1895, à l'âge de 44 ans'
[geneanet] DEBUG: Generation 2, sosa 2 : Pierre DUPONT : source = '* Naissance: <https://www.source_naissance.fr/>  
Texte1 source naissance  
Texte2 source naissance'
[geneanet] DEBUG: Generation 2, sosa 2 : Pierre DUPONT : source = '* Union: <https://www.source_mariage.fr/>  
Texte1 source mariage  
Texte2 source mariage'
[geneanet] DEBUG: Generation 2, sosa 2 : Pierre DUPONT : source = '* Décès: <https://www.source_deces.fr/> \- Texte1 source décès  
Texte2 source décès'
[geneanet] DEBUG: URL parent (forme 2) 1 = https://gw.geneanet.org/nraibaut2?lang=fr&p=jean&n=dates
[geneanet] DEBUG: URL parent (forme 2) 2 = https://gw.geneanet.org/nraibaut2?lang=fr&p=jeanne&n=inn
[geneanet] DEBUG: Saving page https://gw.geneanet.org/nraibaut2?lang=fr&p=marie+paule&n=durand to 'result/pages/gw.geneanet.org.nraibaut2.lang=fr.p=marie+paule.n=durand.csv'
[geneanet] DEBUG: Generation 2, sosa 3, id @I00003@ : 'Marie Paule' 'DURAND' (F) (https://gw.geneanet.org/nraibaut2?lang=fr&p=marie+paule&n=durand) pause=0ms
[geneanet] DEBUG: 'Marie Paule' 'DURAND' parent de @I00001@
[geneanet] DEBUG: Generation 2, sosa 3 : Marie Paule DURAND : source = '* Union: <https://www.source_mariage.fr/>  
Texte1 source mariage  
Texte2 source mariage'
[scrapy.core.engine] DEBUG: Crawled (200) <GET https://gw.geneanet.org/nraibaut2?lang=fr&p=jeanne&n=inn> (referer: https://gw.geneanet.org/nraibaut2?lang=fr&p=pierre&n=dupont)
[scrapy.core.engine] DEBUG: Crawled (200) <GET https://gw.geneanet.org/nraibaut2?lang=fr&p=jean&n=dates> (referer: https://gw.geneanet.org/nraibaut2?lang=fr&p=pierre&n=dupont)
[geneanet] DEBUG: Saving page https://gw.geneanet.org/nraibaut2?lang=fr&p=jeanne&n=inn to 'result/pages/gw.geneanet.org.nraibaut2.lang=fr.p=jeanne.n=inn.csv'
[geneanet] DEBUG: Generation 3, sosa 5, id @I00004@ : 'Jeanne' 'INN' (F) (https://gw.geneanet.org/nraibaut2?lang=fr&p=jeanne&n=inn) pause=8ms
[geneanet] DEBUG: 'Jeanne' 'INN' parent de @I00002@
[geneanet] DEBUG: Saving page https://gw.geneanet.org/nraibaut2?lang=fr&p=jean&n=dates to 'result/pages/gw.geneanet.org.nraibaut2.lang=fr.p=jean.n=dates.csv'
[geneanet] DEBUG: Generation 3, sosa 4, id @I00005@ : 'Jean' 'DATES' (M) (https://gw.geneanet.org/nraibaut2?lang=fr&p=jean&n=dates) pause=8ms
[geneanet] DEBUG: 'Jean' 'DATES' parent de @I00002@
[geneanet] DEBUG: Generation 3, sosa 4 : Jean DATES : info = 'Né vers juillet 1802'
[geneanet] DEBUG: Generation 3, sosa 4 : Jean DATES : info = 'Baptisé peut-être le 23 février 1803'
[geneanet] DEBUG: Generation 3, sosa 4 : Jean DATES : info = 'Décédé vers 1er juin 1885, à l'âge d'environ 82 ans'
[geneanet] DEBUG: Generation 3, sosa 4 : Jean DATES : event_nom = 'Naissance'
[geneanet] DEBUG: Generation 3, sosa 4 : Jean DATES : event_notes = 'Date environ'
[geneanet] DEBUG: Generation 3, sosa 4 : Jean DATES : event_date = 'vers juillet 1802'
[geneanet] DEBUG: Generation 3, sosa 4 : Jean DATES : event_nom = 'Baptême'
[geneanet] DEBUG: Generation 3, sosa 4 : Jean DATES : event_notes = 'Date estimée'
[geneanet] DEBUG: Generation 3, sosa 4 : Jean DATES : event_date = 'peut-être 23 février 1803'
[geneanet] DEBUG: Generation 3, sosa 4 : Jean DATES : event_nom = 'Retraite'
[geneanet] DEBUG: Generation 3, sosa 4 : Jean DATES : event_notes = 'Date interprêtée'
[geneanet] DEBUG: Generation 3, sosa 4 : Jean DATES : event_date = 'vers 1872'
[geneanet] DEBUG: Generation 3, sosa 4 : Jean DATES : event_nom = 'Décès'
[geneanet] DEBUG: Generation 3, sosa 4 : Jean DATES : event_notes = 'Date calculée'
[geneanet] DEBUG: Generation 3, sosa 4 : Jean DATES : event_date = 'vers 1er juin 1885'
[scrapy.core.engine] INFO: Closing spider (finished)
[geneanet] DEBUG: Famille '@F00001@' : enfant='@I00001@', père='@I00002@', mère='@I00003@'
[geneanet] DEBUG: Famille '@F00002@' : enfant='@I00002@', père='@I00005@', mère='@I00004@'
[geneanet] INFO: NRa Spider 'geneanet' closed :
[geneanet] INFO: - nb_persons         = 5
[geneanet] INFO: - nb_families        = 2
[geneanet] INFO: - max_generations    = 3
[geneanet] INFO: - nb_titres_noblesse = 1
[geneanet] INFO: - nb_errors          = 0
[geneanet] INFO: - nb_warnings        = 0
[geneanet] INFO: Saving to 'result/gw.geneanet.org.nraibaut2_w.lang=fr.n=dupont.oc=0.p=gerard.ged'
[gedcomw.parser] INFO: nra_save_gedcom : saving gedcom to 'result/gw.geneanet.org.nraibaut2_w.lang=fr.n=dupont.oc=0.p=gerard.ged'
[scrapy.statscollectors] INFO: Dumping Scrapy stats:
{'downloader/request_bytes': 2758,
 'downloader/request_count': 7,
 'downloader/request_method_count/GET': 7,
 'downloader/response_bytes': 82633,
 'downloader/response_count': 7,
 'downloader/response_status_count/200': 6,
 'downloader/response_status_count/302': 1,
 'elapsed_time_seconds': 1.341131,
 'finish_reason': 'finished',
 'finish_time': datetime.datetime(2023, 8, 7, 17, 34, 46, 48800),
 'httpcompression/response_bytes': 412379,
 'httpcompression/response_count': 6,
 'log_count/DEBUG': 89,
 'log_count/INFO': 20,
 'request_depth_max': 2,
 'response_received_count': 6,
 'robotstxt/request_count': 1,
 'robotstxt/response_count': 1,
 'robotstxt/response_status_count/200': 1,
 'scheduler/dequeued': 6,
 'scheduler/dequeued/memory': 6,
 'scheduler/enqueued': 6,
 'scheduler/enqueued/memory': 6,
 'start_time': datetime.datetime(2023, 8, 7, 17, 34, 44, 707669)}
[scrapy.core.engine] INFO: Spider closed (finished)
[root] INFO: Starting GeneanetSpider 0.1.0
[scrapy.utils.log] INFO: Scrapy 2.9.0 started (bot: geneanet)
[scrapy.utils.log] INFO: Versions: lxml 4.9.2.0, libxml2 2.10.4, cssselect 1.2.0, parsel 1.8.1, w3lib 2.1.1, Twisted 22.10.0, Python 3.11.3 | packaged by conda-forge | (main, Apr  6 2023, 08:50:54) [MSC v.1934 64 bit (AMD64)], pyOpenSSL 23.2.0 (OpenSSL 3.1.1 30 May 2023), cryptography 41.0.0, Platform Windows-10-10.0.22621-SP0
[scrapy.crawler] INFO: Overridden settings:
{'BOT_NAME': 'geneanet',
 'FEED_EXPORT_ENCODING': 'utf-8',
 'NEWSPIDER_MODULE': 'geneanet.spiders',
 'REQUEST_FINGERPRINTER_IMPLEMENTATION': '2.7',
 'ROBOTSTXT_OBEY': True,
 'SPIDER_MODULES': ['geneanet.spiders'],
 'TWISTED_REACTOR': 'twisted.internet.asyncioreactor.AsyncioSelectorReactor'}
[asyncio] DEBUG: Using selector: SelectSelector
[scrapy.utils.log] DEBUG: Using reactor: twisted.internet.asyncioreactor.AsyncioSelectorReactor
[scrapy.utils.log] DEBUG: Using asyncio event loop: asyncio.windows_events._WindowsSelectorEventLoop
[scrapy.extensions.telnet] INFO: Telnet Password: 0b121e8748e9ff1d
[scrapy.middleware] INFO: Enabled extensions:
['scrapy.extensions.corestats.CoreStats',
 'scrapy.extensions.telnet.TelnetConsole',
 'scrapy.extensions.logstats.LogStats']
[scrapy.middleware] INFO: Enabled downloader middlewares:
['scrapy.downloadermiddlewares.robotstxt.RobotsTxtMiddleware',
 'scrapy.downloadermiddlewares.httpauth.HttpAuthMiddleware',
 'scrapy.downloadermiddlewares.downloadtimeout.DownloadTimeoutMiddleware',
 'scrapy.downloadermiddlewares.defaultheaders.DefaultHeadersMiddleware',
 'scrapy.downloadermiddlewares.useragent.UserAgentMiddleware',
 'scrapy.downloadermiddlewares.retry.RetryMiddleware',
 'scrapy.downloadermiddlewares.redirect.MetaRefreshMiddleware',
 'scrapy.downloadermiddlewares.httpcompression.HttpCompressionMiddleware',
 'scrapy.downloadermiddlewares.redirect.RedirectMiddleware',
 'scrapy.downloadermiddlewares.cookies.CookiesMiddleware',
 'scrapy.downloadermiddlewares.httpproxy.HttpProxyMiddleware',
 'scrapy.downloadermiddlewares.stats.DownloaderStats']
[scrapy.middleware] INFO: Enabled spider middlewares:
['scrapy.spidermiddlewares.httperror.HttpErrorMiddleware',
 'scrapy.spidermiddlewares.offsite.OffsiteMiddleware',
 'scrapy.spidermiddlewares.referer.RefererMiddleware',
 'scrapy.spidermiddlewares.urllength.UrlLengthMiddleware',
 'scrapy.spidermiddlewares.depth.DepthMiddleware']
[scrapy.middleware] INFO: Enabled item pipelines:
[]
[scrapy.core.engine] INFO: Spider opened
[scrapy.extensions.logstats] INFO: Crawled 0 pages (at 0 pages/min), scraped 0 items (at 0 items/min)
[scrapy.extensions.telnet] INFO: Telnet console listening on 127.0.0.1:6024
[geneanet] DEBUG: start_requests
[geneanet] DEBUG: URL = https://gw.geneanet.org/nraibaut2_w?lang=fr&n=dupont&oc=0&p=gerard
[geneanet] DEBUG: result_name = gw.geneanet.org.nraibaut2_w.lang=fr.n=dupont.oc=0.p=gerard
[geneanet] DEBUG: gedcom_result_filename = gw.geneanet.org.nraibaut2_w.lang=fr.n=dupont.oc=0.p=gerard.ged
[gedcomw.parser] INFO: nra_set_header : set_header : note='Cette généalogie a été créée par GeneanetSpider le 07/08/2023 à 19:37 à partir de https://gw.geneanet.org/nraibaut2_w?lang=fr&n=dupont&oc=0&p=gerard' ...
[geneanet] DEBUG: csv result = result/gw.geneanet.org.nraibaut2_w.lang=fr.n=dupont.oc=0.p=gerard.csv
[scrapy.core.engine] DEBUG: Crawled (200) <GET https://gw.geneanet.org/robots.txt> (referer: None)
[scrapy.downloadermiddlewares.redirect] DEBUG: Redirecting (302) to <GET https://gw.geneanet.org/nraibaut2?lang=fr&n=dupont&oc=0&p=gerard> from <GET https://gw.geneanet.org/nraibaut2_w?lang=fr&n=dupont&oc=0&p=gerard>
[scrapy.core.engine] DEBUG: Crawled (200) <GET https://gw.geneanet.org/nraibaut2?lang=fr&n=dupont&oc=0&p=gerard> (referer: None)
[scrapy.core.scraper] ERROR: Spider error processing <GET https://gw.geneanet.org/nraibaut2?lang=fr&n=dupont&oc=0&p=gerard> (referer: None)
Traceback (most recent call last):
  File "C:\Users\Nicolas\.conda\envs\scrapy\Lib\site-packages\scrapy\utils\defer.py", line 260, in iter_errback
    yield next(it)
          ^^^^^^^^
  File "C:\Users\Nicolas\.conda\envs\scrapy\Lib\site-packages\scrapy\utils\python.py", line 336, in __next__
    return next(self.data)
           ^^^^^^^^^^^^^^^
  File "C:\Users\Nicolas\.conda\envs\scrapy\Lib\site-packages\scrapy\utils\python.py", line 336, in __next__
    return next(self.data)
           ^^^^^^^^^^^^^^^
  File "C:\Users\Nicolas\.conda\envs\scrapy\Lib\site-packages\scrapy\core\spidermw.py", line 106, in process_sync
    for r in iterable:
  File "C:\Users\Nicolas\.conda\envs\scrapy\Lib\site-packages\scrapy\spidermiddlewares\offsite.py", line 28, in <genexpr>
    return (r for r in result or () if self._filter(r, spider))
           ^^^^^^^^^^^^^^^^^^^^^^^^^^^^^^^^^^^^^^^^^^^^^^^^^^^^
  File "C:\Users\Nicolas\.conda\envs\scrapy\Lib\site-packages\scrapy\core\spidermw.py", line 106, in process_sync
    for r in iterable:
  File "C:\Users\Nicolas\.conda\envs\scrapy\Lib\site-packages\scrapy\spidermiddlewares\referer.py", line 352, in <genexpr>
    return (self._set_referer(r, response) for r in result or ())
           ^^^^^^^^^^^^^^^^^^^^^^^^^^^^^^^^^^^^^^^^^^^^^^^^^^^^^^
  File "C:\Users\Nicolas\.conda\envs\scrapy\Lib\site-packages\scrapy\core\spidermw.py", line 106, in process_sync
    for r in iterable:
  File "C:\Users\Nicolas\.conda\envs\scrapy\Lib\site-packages\scrapy\spidermiddlewares\urllength.py", line 27, in <genexpr>
    return (r for r in result or () if self._filter(r, spider))
           ^^^^^^^^^^^^^^^^^^^^^^^^^^^^^^^^^^^^^^^^^^^^^^^^^^^^
  File "C:\Users\Nicolas\.conda\envs\scrapy\Lib\site-packages\scrapy\core\spidermw.py", line 106, in process_sync
    for r in iterable:
  File "C:\Users\Nicolas\.conda\envs\scrapy\Lib\site-packages\scrapy\spidermiddlewares\depth.py", line 31, in <genexpr>
    return (r for r in result or () if self._filter(r, response, spider))
           ^^^^^^^^^^^^^^^^^^^^^^^^^^^^^^^^^^^^^^^^^^^^^^^^^^^^^^^^^^^^^^
  File "C:\Users\Nicolas\.conda\envs\scrapy\Lib\site-packages\scrapy\core\spidermw.py", line 106, in process_sync
    for r in iterable:
  File "D:\Users\Nicolas\Documents\Python\geneanet\geneanet\spiders\geneanet_spider.py", line 103, in parse
    page_content = response.get()
                   ^^^^^^^^^^^^
AttributeError: 'HtmlResponse' object has no attribute 'get'
[scrapy.core.engine] INFO: Closing spider (finished)
[geneanet] INFO: NRa Spider 'geneanet' closed :
[geneanet] INFO: - nb_persons         = 0
[geneanet] INFO: - nb_families        = 0
[geneanet] INFO: - max_generations    = 0
[geneanet] INFO: - nb_titres_noblesse = 0
[geneanet] INFO: - nb_errors          = 0
[geneanet] INFO: - nb_warnings        = 0
[geneanet] INFO: Saving to 'result/gw.geneanet.org.nraibaut2_w.lang=fr.n=dupont.oc=0.p=gerard.ged'
[gedcomw.parser] INFO: nra_save_gedcom : saving gedcom to 'result/gw.geneanet.org.nraibaut2_w.lang=fr.n=dupont.oc=0.p=gerard.ged'
[scrapy.statscollectors] INFO: Dumping Scrapy stats:
{'downloader/request_bytes': 801,
 'downloader/request_count': 3,
 'downloader/request_method_count/GET': 3,
 'downloader/response_bytes': 18917,
 'downloader/response_count': 3,
 'downloader/response_status_count/200': 2,
 'downloader/response_status_count/302': 1,
 'elapsed_time_seconds': 0.616838,
 'finish_reason': 'finished',
 'finish_time': datetime.datetime(2023, 8, 7, 17, 37, 4, 941209),
 'httpcompression/response_bytes': 87197,
 'httpcompression/response_count': 2,
 'log_count/DEBUG': 11,
 'log_count/ERROR': 1,
 'log_count/INFO': 20,
 'response_received_count': 2,
 'robotstxt/request_count': 1,
 'robotstxt/response_count': 1,
 'robotstxt/response_status_count/200': 1,
 'scheduler/dequeued': 2,
 'scheduler/dequeued/memory': 2,
 'scheduler/enqueued': 2,
 'scheduler/enqueued/memory': 2,
 'spider_exceptions/AttributeError': 1,
 'start_time': datetime.datetime(2023, 8, 7, 17, 37, 4, 324371)}
[scrapy.core.engine] INFO: Spider closed (finished)
[root] INFO: Starting GeneanetSpider 0.1.0
[scrapy.utils.log] INFO: Scrapy 2.9.0 started (bot: geneanet)
[scrapy.utils.log] INFO: Versions: lxml 4.9.2.0, libxml2 2.10.4, cssselect 1.2.0, parsel 1.8.1, w3lib 2.1.1, Twisted 22.10.0, Python 3.11.3 | packaged by conda-forge | (main, Apr  6 2023, 08:50:54) [MSC v.1934 64 bit (AMD64)], pyOpenSSL 23.2.0 (OpenSSL 3.1.1 30 May 2023), cryptography 41.0.0, Platform Windows-10-10.0.22621-SP0
[scrapy.crawler] INFO: Overridden settings:
{'BOT_NAME': 'geneanet',
 'FEED_EXPORT_ENCODING': 'utf-8',
 'NEWSPIDER_MODULE': 'geneanet.spiders',
 'REQUEST_FINGERPRINTER_IMPLEMENTATION': '2.7',
 'ROBOTSTXT_OBEY': True,
 'SPIDER_MODULES': ['geneanet.spiders'],
 'TWISTED_REACTOR': 'twisted.internet.asyncioreactor.AsyncioSelectorReactor'}
[asyncio] DEBUG: Using selector: SelectSelector
[scrapy.utils.log] DEBUG: Using reactor: twisted.internet.asyncioreactor.AsyncioSelectorReactor
[scrapy.utils.log] DEBUG: Using asyncio event loop: asyncio.windows_events._WindowsSelectorEventLoop
[scrapy.extensions.telnet] INFO: Telnet Password: b1ef7b2b4015dfff
[scrapy.middleware] INFO: Enabled extensions:
['scrapy.extensions.corestats.CoreStats',
 'scrapy.extensions.telnet.TelnetConsole',
 'scrapy.extensions.logstats.LogStats']
[scrapy.middleware] INFO: Enabled downloader middlewares:
['scrapy.downloadermiddlewares.robotstxt.RobotsTxtMiddleware',
 'scrapy.downloadermiddlewares.httpauth.HttpAuthMiddleware',
 'scrapy.downloadermiddlewares.downloadtimeout.DownloadTimeoutMiddleware',
 'scrapy.downloadermiddlewares.defaultheaders.DefaultHeadersMiddleware',
 'scrapy.downloadermiddlewares.useragent.UserAgentMiddleware',
 'scrapy.downloadermiddlewares.retry.RetryMiddleware',
 'scrapy.downloadermiddlewares.redirect.MetaRefreshMiddleware',
 'scrapy.downloadermiddlewares.httpcompression.HttpCompressionMiddleware',
 'scrapy.downloadermiddlewares.redirect.RedirectMiddleware',
 'scrapy.downloadermiddlewares.cookies.CookiesMiddleware',
 'scrapy.downloadermiddlewares.httpproxy.HttpProxyMiddleware',
 'scrapy.downloadermiddlewares.stats.DownloaderStats']
[scrapy.middleware] INFO: Enabled spider middlewares:
['scrapy.spidermiddlewares.httperror.HttpErrorMiddleware',
 'scrapy.spidermiddlewares.offsite.OffsiteMiddleware',
 'scrapy.spidermiddlewares.referer.RefererMiddleware',
 'scrapy.spidermiddlewares.urllength.UrlLengthMiddleware',
 'scrapy.spidermiddlewares.depth.DepthMiddleware']
[scrapy.middleware] INFO: Enabled item pipelines:
[]
[scrapy.core.engine] INFO: Spider opened
[scrapy.extensions.logstats] INFO: Crawled 0 pages (at 0 pages/min), scraped 0 items (at 0 items/min)
[scrapy.extensions.telnet] INFO: Telnet console listening on 127.0.0.1:6024
[geneanet] DEBUG: start_requests
[geneanet] DEBUG: URL = https://gw.geneanet.org/nraibaut2_w?lang=fr&n=dupont&oc=0&p=gerard
[geneanet] DEBUG: result_name = gw.geneanet.org.nraibaut2_w.lang=fr.n=dupont.oc=0.p=gerard
[geneanet] DEBUG: gedcom_result_filename = gw.geneanet.org.nraibaut2_w.lang=fr.n=dupont.oc=0.p=gerard.ged
[gedcomw.parser] INFO: nra_set_header : set_header : note='Cette généalogie a été créée par GeneanetSpider le 07/08/2023 à 19:38 à partir de https://gw.geneanet.org/nraibaut2_w?lang=fr&n=dupont&oc=0&p=gerard' ...
[geneanet] DEBUG: csv result = result/gw.geneanet.org.nraibaut2_w.lang=fr.n=dupont.oc=0.p=gerard.csv
[scrapy.core.engine] DEBUG: Crawled (200) <GET https://gw.geneanet.org/robots.txt> (referer: None)
[scrapy.downloadermiddlewares.redirect] DEBUG: Redirecting (302) to <GET https://gw.geneanet.org/nraibaut2?lang=fr&n=dupont&oc=0&p=gerard> from <GET https://gw.geneanet.org/nraibaut2_w?lang=fr&n=dupont&oc=0&p=gerard>
[scrapy.core.engine] DEBUG: Crawled (200) <GET https://gw.geneanet.org/nraibaut2?lang=fr&n=dupont&oc=0&p=gerard> (referer: None)
[scrapy.core.scraper] ERROR: Spider error processing <GET https://gw.geneanet.org/nraibaut2?lang=fr&n=dupont&oc=0&p=gerard> (referer: None)
Traceback (most recent call last):
  File "C:\Users\Nicolas\.conda\envs\scrapy\Lib\site-packages\scrapy\utils\defer.py", line 260, in iter_errback
    yield next(it)
          ^^^^^^^^
  File "C:\Users\Nicolas\.conda\envs\scrapy\Lib\site-packages\scrapy\utils\python.py", line 336, in __next__
    return next(self.data)
           ^^^^^^^^^^^^^^^
  File "C:\Users\Nicolas\.conda\envs\scrapy\Lib\site-packages\scrapy\utils\python.py", line 336, in __next__
    return next(self.data)
           ^^^^^^^^^^^^^^^
  File "C:\Users\Nicolas\.conda\envs\scrapy\Lib\site-packages\scrapy\core\spidermw.py", line 106, in process_sync
    for r in iterable:
  File "C:\Users\Nicolas\.conda\envs\scrapy\Lib\site-packages\scrapy\spidermiddlewares\offsite.py", line 28, in <genexpr>
    return (r for r in result or () if self._filter(r, spider))
           ^^^^^^^^^^^^^^^^^^^^^^^^^^^^^^^^^^^^^^^^^^^^^^^^^^^^
  File "C:\Users\Nicolas\.conda\envs\scrapy\Lib\site-packages\scrapy\core\spidermw.py", line 106, in process_sync
    for r in iterable:
  File "C:\Users\Nicolas\.conda\envs\scrapy\Lib\site-packages\scrapy\spidermiddlewares\referer.py", line 352, in <genexpr>
    return (self._set_referer(r, response) for r in result or ())
           ^^^^^^^^^^^^^^^^^^^^^^^^^^^^^^^^^^^^^^^^^^^^^^^^^^^^^^
  File "C:\Users\Nicolas\.conda\envs\scrapy\Lib\site-packages\scrapy\core\spidermw.py", line 106, in process_sync
    for r in iterable:
  File "C:\Users\Nicolas\.conda\envs\scrapy\Lib\site-packages\scrapy\spidermiddlewares\urllength.py", line 27, in <genexpr>
    return (r for r in result or () if self._filter(r, spider))
           ^^^^^^^^^^^^^^^^^^^^^^^^^^^^^^^^^^^^^^^^^^^^^^^^^^^^
  File "C:\Users\Nicolas\.conda\envs\scrapy\Lib\site-packages\scrapy\core\spidermw.py", line 106, in process_sync
    for r in iterable:
  File "C:\Users\Nicolas\.conda\envs\scrapy\Lib\site-packages\scrapy\spidermiddlewares\depth.py", line 31, in <genexpr>
    return (r for r in result or () if self._filter(r, response, spider))
           ^^^^^^^^^^^^^^^^^^^^^^^^^^^^^^^^^^^^^^^^^^^^^^^^^^^^^^^^^^^^^^
  File "C:\Users\Nicolas\.conda\envs\scrapy\Lib\site-packages\scrapy\core\spidermw.py", line 106, in process_sync
    for r in iterable:
  File "D:\Users\Nicolas\Documents\Python\geneanet\geneanet\spiders\geneanet_spider.py", line 103, in parse
    page_content = response.request.extract()
                   ^^^^^^^^^^^^^^^^^^^^^^^^
AttributeError: 'Request' object has no attribute 'extract'
[scrapy.core.engine] INFO: Closing spider (finished)
[geneanet] INFO: NRa Spider 'geneanet' closed :
[geneanet] INFO: - nb_persons         = 0
[geneanet] INFO: - nb_families        = 0
[geneanet] INFO: - max_generations    = 0
[geneanet] INFO: - nb_titres_noblesse = 0
[geneanet] INFO: - nb_errors          = 0
[geneanet] INFO: - nb_warnings        = 0
[geneanet] INFO: Saving to 'result/gw.geneanet.org.nraibaut2_w.lang=fr.n=dupont.oc=0.p=gerard.ged'
[gedcomw.parser] INFO: nra_save_gedcom : saving gedcom to 'result/gw.geneanet.org.nraibaut2_w.lang=fr.n=dupont.oc=0.p=gerard.ged'
[scrapy.statscollectors] INFO: Dumping Scrapy stats:
{'downloader/request_bytes': 801,
 'downloader/request_count': 3,
 'downloader/request_method_count/GET': 3,
 'downloader/response_bytes': 18912,
 'downloader/response_count': 3,
 'downloader/response_status_count/200': 2,
 'downloader/response_status_count/302': 1,
 'elapsed_time_seconds': 0.577085,
 'finish_reason': 'finished',
 'finish_time': datetime.datetime(2023, 8, 7, 17, 38, 7, 236036),
 'httpcompression/response_bytes': 87197,
 'httpcompression/response_count': 2,
 'log_count/DEBUG': 11,
 'log_count/ERROR': 1,
 'log_count/INFO': 20,
 'response_received_count': 2,
 'robotstxt/request_count': 1,
 'robotstxt/response_count': 1,
 'robotstxt/response_status_count/200': 1,
 'scheduler/dequeued': 2,
 'scheduler/dequeued/memory': 2,
 'scheduler/enqueued': 2,
 'scheduler/enqueued/memory': 2,
 'spider_exceptions/AttributeError': 1,
 'start_time': datetime.datetime(2023, 8, 7, 17, 38, 6, 658951)}
[scrapy.core.engine] INFO: Spider closed (finished)
[root] INFO: Starting GeneanetSpider 0.1.0
[scrapy.utils.log] INFO: Scrapy 2.9.0 started (bot: geneanet)
[scrapy.utils.log] INFO: Versions: lxml 4.9.2.0, libxml2 2.10.4, cssselect 1.2.0, parsel 1.8.1, w3lib 2.1.1, Twisted 22.10.0, Python 3.11.3 | packaged by conda-forge | (main, Apr  6 2023, 08:50:54) [MSC v.1934 64 bit (AMD64)], pyOpenSSL 23.2.0 (OpenSSL 3.1.1 30 May 2023), cryptography 41.0.0, Platform Windows-10-10.0.22621-SP0
[scrapy.crawler] INFO: Overridden settings:
{'BOT_NAME': 'geneanet',
 'FEED_EXPORT_ENCODING': 'utf-8',
 'NEWSPIDER_MODULE': 'geneanet.spiders',
 'REQUEST_FINGERPRINTER_IMPLEMENTATION': '2.7',
 'ROBOTSTXT_OBEY': True,
 'SPIDER_MODULES': ['geneanet.spiders'],
 'TWISTED_REACTOR': 'twisted.internet.asyncioreactor.AsyncioSelectorReactor'}
[asyncio] DEBUG: Using selector: SelectSelector
[scrapy.utils.log] DEBUG: Using reactor: twisted.internet.asyncioreactor.AsyncioSelectorReactor
[scrapy.utils.log] DEBUG: Using asyncio event loop: asyncio.windows_events._WindowsSelectorEventLoop
[scrapy.extensions.telnet] INFO: Telnet Password: cfd0b0ac91b05b29
[scrapy.middleware] INFO: Enabled extensions:
['scrapy.extensions.corestats.CoreStats',
 'scrapy.extensions.telnet.TelnetConsole',
 'scrapy.extensions.logstats.LogStats']
[scrapy.middleware] INFO: Enabled downloader middlewares:
['scrapy.downloadermiddlewares.robotstxt.RobotsTxtMiddleware',
 'scrapy.downloadermiddlewares.httpauth.HttpAuthMiddleware',
 'scrapy.downloadermiddlewares.downloadtimeout.DownloadTimeoutMiddleware',
 'scrapy.downloadermiddlewares.defaultheaders.DefaultHeadersMiddleware',
 'scrapy.downloadermiddlewares.useragent.UserAgentMiddleware',
 'scrapy.downloadermiddlewares.retry.RetryMiddleware',
 'scrapy.downloadermiddlewares.redirect.MetaRefreshMiddleware',
 'scrapy.downloadermiddlewares.httpcompression.HttpCompressionMiddleware',
 'scrapy.downloadermiddlewares.redirect.RedirectMiddleware',
 'scrapy.downloadermiddlewares.cookies.CookiesMiddleware',
 'scrapy.downloadermiddlewares.httpproxy.HttpProxyMiddleware',
 'scrapy.downloadermiddlewares.stats.DownloaderStats']
[scrapy.middleware] INFO: Enabled spider middlewares:
['scrapy.spidermiddlewares.httperror.HttpErrorMiddleware',
 'scrapy.spidermiddlewares.offsite.OffsiteMiddleware',
 'scrapy.spidermiddlewares.referer.RefererMiddleware',
 'scrapy.spidermiddlewares.urllength.UrlLengthMiddleware',
 'scrapy.spidermiddlewares.depth.DepthMiddleware']
[scrapy.middleware] INFO: Enabled item pipelines:
[]
[scrapy.core.engine] INFO: Spider opened
[scrapy.extensions.logstats] INFO: Crawled 0 pages (at 0 pages/min), scraped 0 items (at 0 items/min)
[scrapy.extensions.telnet] INFO: Telnet console listening on 127.0.0.1:6024
[geneanet] DEBUG: start_requests
[geneanet] DEBUG: URL = https://gw.geneanet.org/nraibaut2_w?lang=fr&n=dupont&oc=0&p=gerard
[geneanet] DEBUG: result_name = gw.geneanet.org.nraibaut2_w.lang=fr.n=dupont.oc=0.p=gerard
[geneanet] DEBUG: gedcom_result_filename = gw.geneanet.org.nraibaut2_w.lang=fr.n=dupont.oc=0.p=gerard.ged
[gedcomw.parser] INFO: nra_set_header : set_header : note='Cette généalogie a été créée par GeneanetSpider le 07/08/2023 à 19:45 à partir de https://gw.geneanet.org/nraibaut2_w?lang=fr&n=dupont&oc=0&p=gerard' ...
[geneanet] DEBUG: csv result = result/gw.geneanet.org.nraibaut2_w.lang=fr.n=dupont.oc=0.p=gerard.csv
[scrapy.core.engine] DEBUG: Crawled (200) <GET https://gw.geneanet.org/robots.txt> (referer: None)
[scrapy.downloadermiddlewares.redirect] DEBUG: Redirecting (302) to <GET https://gw.geneanet.org/nraibaut2?lang=fr&n=dupont&oc=0&p=gerard> from <GET https://gw.geneanet.org/nraibaut2_w?lang=fr&n=dupont&oc=0&p=gerard>
[scrapy.core.engine] DEBUG: Crawled (200) <GET https://gw.geneanet.org/nraibaut2?lang=fr&n=dupont&oc=0&p=gerard> (referer: None)
[scrapy.core.scraper] ERROR: Spider error processing <GET https://gw.geneanet.org/nraibaut2?lang=fr&n=dupont&oc=0&p=gerard> (referer: None)
Traceback (most recent call last):
  File "C:\Users\Nicolas\.conda\envs\scrapy\Lib\site-packages\scrapy\utils\defer.py", line 260, in iter_errback
    yield next(it)
          ^^^^^^^^
  File "C:\Users\Nicolas\.conda\envs\scrapy\Lib\site-packages\scrapy\utils\python.py", line 336, in __next__
    return next(self.data)
           ^^^^^^^^^^^^^^^
  File "C:\Users\Nicolas\.conda\envs\scrapy\Lib\site-packages\scrapy\utils\python.py", line 336, in __next__
    return next(self.data)
           ^^^^^^^^^^^^^^^
  File "C:\Users\Nicolas\.conda\envs\scrapy\Lib\site-packages\scrapy\core\spidermw.py", line 106, in process_sync
    for r in iterable:
  File "C:\Users\Nicolas\.conda\envs\scrapy\Lib\site-packages\scrapy\spidermiddlewares\offsite.py", line 28, in <genexpr>
    return (r for r in result or () if self._filter(r, spider))
           ^^^^^^^^^^^^^^^^^^^^^^^^^^^^^^^^^^^^^^^^^^^^^^^^^^^^
  File "C:\Users\Nicolas\.conda\envs\scrapy\Lib\site-packages\scrapy\core\spidermw.py", line 106, in process_sync
    for r in iterable:
  File "C:\Users\Nicolas\.conda\envs\scrapy\Lib\site-packages\scrapy\spidermiddlewares\referer.py", line 352, in <genexpr>
    return (self._set_referer(r, response) for r in result or ())
           ^^^^^^^^^^^^^^^^^^^^^^^^^^^^^^^^^^^^^^^^^^^^^^^^^^^^^^
  File "C:\Users\Nicolas\.conda\envs\scrapy\Lib\site-packages\scrapy\core\spidermw.py", line 106, in process_sync
    for r in iterable:
  File "C:\Users\Nicolas\.conda\envs\scrapy\Lib\site-packages\scrapy\spidermiddlewares\urllength.py", line 27, in <genexpr>
    return (r for r in result or () if self._filter(r, spider))
           ^^^^^^^^^^^^^^^^^^^^^^^^^^^^^^^^^^^^^^^^^^^^^^^^^^^^
  File "C:\Users\Nicolas\.conda\envs\scrapy\Lib\site-packages\scrapy\core\spidermw.py", line 106, in process_sync
    for r in iterable:
  File "C:\Users\Nicolas\.conda\envs\scrapy\Lib\site-packages\scrapy\spidermiddlewares\depth.py", line 31, in <genexpr>
    return (r for r in result or () if self._filter(r, response, spider))
           ^^^^^^^^^^^^^^^^^^^^^^^^^^^^^^^^^^^^^^^^^^^^^^^^^^^^^^^^^^^^^^
  File "C:\Users\Nicolas\.conda\envs\scrapy\Lib\site-packages\scrapy\core\spidermw.py", line 106, in process_sync
    for r in iterable:
  File "D:\Users\Nicolas\Documents\Python\geneanet\geneanet\spiders\geneanet_spider.py", line 103, in parse
    page_filename2 = self.result_dir + "/pages/" + hash_url(source) + ".html"
                                                   ^^^^^^^^
NameError: name 'hash_url' is not defined
[scrapy.core.engine] INFO: Closing spider (finished)
[geneanet] INFO: NRa Spider 'geneanet' closed :
[geneanet] INFO: - nb_persons         = 0
[geneanet] INFO: - nb_families        = 0
[geneanet] INFO: - max_generations    = 0
[geneanet] INFO: - nb_titres_noblesse = 0
[geneanet] INFO: - nb_errors          = 0
[geneanet] INFO: - nb_warnings        = 0
[geneanet] INFO: Saving to 'result/gw.geneanet.org.nraibaut2_w.lang=fr.n=dupont.oc=0.p=gerard.ged'
[gedcomw.parser] INFO: nra_save_gedcom : saving gedcom to 'result/gw.geneanet.org.nraibaut2_w.lang=fr.n=dupont.oc=0.p=gerard.ged'
[scrapy.statscollectors] INFO: Dumping Scrapy stats:
{'downloader/request_bytes': 801,
 'downloader/request_count': 3,
 'downloader/request_method_count/GET': 3,
 'downloader/response_bytes': 18915,
 'downloader/response_count': 3,
 'downloader/response_status_count/200': 2,
 'downloader/response_status_count/302': 1,
 'elapsed_time_seconds': 0.58707,
 'finish_reason': 'finished',
 'finish_time': datetime.datetime(2023, 8, 7, 17, 45, 33, 658194),
 'httpcompression/response_bytes': 87197,
 'httpcompression/response_count': 2,
 'log_count/DEBUG': 11,
 'log_count/ERROR': 1,
 'log_count/INFO': 20,
 'response_received_count': 2,
 'robotstxt/request_count': 1,
 'robotstxt/response_count': 1,
 'robotstxt/response_status_count/200': 1,
 'scheduler/dequeued': 2,
 'scheduler/dequeued/memory': 2,
 'scheduler/enqueued': 2,
 'scheduler/enqueued/memory': 2,
 'spider_exceptions/NameError': 1,
 'start_time': datetime.datetime(2023, 8, 7, 17, 45, 33, 71124)}
[scrapy.core.engine] INFO: Spider closed (finished)
[root] INFO: Starting GeneanetSpider 0.1.0
[scrapy.utils.log] INFO: Scrapy 2.9.0 started (bot: geneanet)
[scrapy.utils.log] INFO: Versions: lxml 4.9.2.0, libxml2 2.10.4, cssselect 1.2.0, parsel 1.8.1, w3lib 2.1.1, Twisted 22.10.0, Python 3.11.3 | packaged by conda-forge | (main, Apr  6 2023, 08:50:54) [MSC v.1934 64 bit (AMD64)], pyOpenSSL 23.2.0 (OpenSSL 3.1.1 30 May 2023), cryptography 41.0.0, Platform Windows-10-10.0.22621-SP0
[scrapy.crawler] INFO: Overridden settings:
{'BOT_NAME': 'geneanet',
 'FEED_EXPORT_ENCODING': 'utf-8',
 'NEWSPIDER_MODULE': 'geneanet.spiders',
 'REQUEST_FINGERPRINTER_IMPLEMENTATION': '2.7',
 'ROBOTSTXT_OBEY': True,
 'SPIDER_MODULES': ['geneanet.spiders'],
 'TWISTED_REACTOR': 'twisted.internet.asyncioreactor.AsyncioSelectorReactor'}
[asyncio] DEBUG: Using selector: SelectSelector
[scrapy.utils.log] DEBUG: Using reactor: twisted.internet.asyncioreactor.AsyncioSelectorReactor
[scrapy.utils.log] DEBUG: Using asyncio event loop: asyncio.windows_events._WindowsSelectorEventLoop
[scrapy.extensions.telnet] INFO: Telnet Password: c1387395dd4a86ac
[scrapy.middleware] INFO: Enabled extensions:
['scrapy.extensions.corestats.CoreStats',
 'scrapy.extensions.telnet.TelnetConsole',
 'scrapy.extensions.logstats.LogStats']
[scrapy.middleware] INFO: Enabled downloader middlewares:
['scrapy.downloadermiddlewares.robotstxt.RobotsTxtMiddleware',
 'scrapy.downloadermiddlewares.httpauth.HttpAuthMiddleware',
 'scrapy.downloadermiddlewares.downloadtimeout.DownloadTimeoutMiddleware',
 'scrapy.downloadermiddlewares.defaultheaders.DefaultHeadersMiddleware',
 'scrapy.downloadermiddlewares.useragent.UserAgentMiddleware',
 'scrapy.downloadermiddlewares.retry.RetryMiddleware',
 'scrapy.downloadermiddlewares.redirect.MetaRefreshMiddleware',
 'scrapy.downloadermiddlewares.httpcompression.HttpCompressionMiddleware',
 'scrapy.downloadermiddlewares.redirect.RedirectMiddleware',
 'scrapy.downloadermiddlewares.cookies.CookiesMiddleware',
 'scrapy.downloadermiddlewares.httpproxy.HttpProxyMiddleware',
 'scrapy.downloadermiddlewares.stats.DownloaderStats']
[scrapy.middleware] INFO: Enabled spider middlewares:
['scrapy.spidermiddlewares.httperror.HttpErrorMiddleware',
 'scrapy.spidermiddlewares.offsite.OffsiteMiddleware',
 'scrapy.spidermiddlewares.referer.RefererMiddleware',
 'scrapy.spidermiddlewares.urllength.UrlLengthMiddleware',
 'scrapy.spidermiddlewares.depth.DepthMiddleware']
[scrapy.middleware] INFO: Enabled item pipelines:
[]
[scrapy.core.engine] INFO: Spider opened
[scrapy.extensions.logstats] INFO: Crawled 0 pages (at 0 pages/min), scraped 0 items (at 0 items/min)
[scrapy.extensions.telnet] INFO: Telnet console listening on 127.0.0.1:6024
[geneanet] DEBUG: start_requests
[geneanet] DEBUG: URL = https://gw.geneanet.org/nraibaut2_w?lang=fr&n=dupont&oc=0&p=gerard
[geneanet] DEBUG: result_name = gw.geneanet.org.nraibaut2_w.lang=fr.n=dupont.oc=0.p=gerard
[geneanet] DEBUG: gedcom_result_filename = gw.geneanet.org.nraibaut2_w.lang=fr.n=dupont.oc=0.p=gerard.ged
[gedcomw.parser] INFO: nra_set_header : set_header : note='Cette généalogie a été créée par GeneanetSpider le 07/08/2023 à 19:47 à partir de https://gw.geneanet.org/nraibaut2_w?lang=fr&n=dupont&oc=0&p=gerard' ...
[geneanet] DEBUG: csv result = result/gw.geneanet.org.nraibaut2_w.lang=fr.n=dupont.oc=0.p=gerard.csv
[scrapy.core.engine] DEBUG: Crawled (200) <GET https://gw.geneanet.org/robots.txt> (referer: None)
[scrapy.downloadermiddlewares.redirect] DEBUG: Redirecting (302) to <GET https://gw.geneanet.org/nraibaut2?lang=fr&n=dupont&oc=0&p=gerard> from <GET https://gw.geneanet.org/nraibaut2_w?lang=fr&n=dupont&oc=0&p=gerard>
[scrapy.core.engine] DEBUG: Crawled (200) <GET https://gw.geneanet.org/nraibaut2?lang=fr&n=dupont&oc=0&p=gerard> (referer: None)
[geneanet] DEBUG: Saving page https://gw.geneanet.org/nraibaut2?lang=fr&n=dupont&oc=0&p=gerard to 'result/pages/gw.geneanet.org.nraibaut2.lang=fr.n=dupont.oc=0.p=gerard.html'
[scrapy.core.scraper] ERROR: Spider error processing <GET https://gw.geneanet.org/nraibaut2?lang=fr&n=dupont&oc=0&p=gerard> (referer: None)
Traceback (most recent call last):
  File "C:\Users\Nicolas\.conda\envs\scrapy\Lib\site-packages\scrapy\utils\defer.py", line 260, in iter_errback
    yield next(it)
          ^^^^^^^^
  File "C:\Users\Nicolas\.conda\envs\scrapy\Lib\site-packages\scrapy\utils\python.py", line 336, in __next__
    return next(self.data)
           ^^^^^^^^^^^^^^^
  File "C:\Users\Nicolas\.conda\envs\scrapy\Lib\site-packages\scrapy\utils\python.py", line 336, in __next__
    return next(self.data)
           ^^^^^^^^^^^^^^^
  File "C:\Users\Nicolas\.conda\envs\scrapy\Lib\site-packages\scrapy\core\spidermw.py", line 106, in process_sync
    for r in iterable:
  File "C:\Users\Nicolas\.conda\envs\scrapy\Lib\site-packages\scrapy\spidermiddlewares\offsite.py", line 28, in <genexpr>
    return (r for r in result or () if self._filter(r, spider))
           ^^^^^^^^^^^^^^^^^^^^^^^^^^^^^^^^^^^^^^^^^^^^^^^^^^^^
  File "C:\Users\Nicolas\.conda\envs\scrapy\Lib\site-packages\scrapy\core\spidermw.py", line 106, in process_sync
    for r in iterable:
  File "C:\Users\Nicolas\.conda\envs\scrapy\Lib\site-packages\scrapy\spidermiddlewares\referer.py", line 352, in <genexpr>
    return (self._set_referer(r, response) for r in result or ())
           ^^^^^^^^^^^^^^^^^^^^^^^^^^^^^^^^^^^^^^^^^^^^^^^^^^^^^^
  File "C:\Users\Nicolas\.conda\envs\scrapy\Lib\site-packages\scrapy\core\spidermw.py", line 106, in process_sync
    for r in iterable:
  File "C:\Users\Nicolas\.conda\envs\scrapy\Lib\site-packages\scrapy\spidermiddlewares\urllength.py", line 27, in <genexpr>
    return (r for r in result or () if self._filter(r, spider))
           ^^^^^^^^^^^^^^^^^^^^^^^^^^^^^^^^^^^^^^^^^^^^^^^^^^^^
  File "C:\Users\Nicolas\.conda\envs\scrapy\Lib\site-packages\scrapy\core\spidermw.py", line 106, in process_sync
    for r in iterable:
  File "C:\Users\Nicolas\.conda\envs\scrapy\Lib\site-packages\scrapy\spidermiddlewares\depth.py", line 31, in <genexpr>
    return (r for r in result or () if self._filter(r, response, spider))
           ^^^^^^^^^^^^^^^^^^^^^^^^^^^^^^^^^^^^^^^^^^^^^^^^^^^^^^^^^^^^^^
  File "C:\Users\Nicolas\.conda\envs\scrapy\Lib\site-packages\scrapy\core\spidermw.py", line 106, in process_sync
    for r in iterable:
  File "D:\Users\Nicolas\Documents\Python\geneanet\geneanet\spiders\geneanet_spider.py", line 106, in parse
    f.write(response.body)
TypeError: write() argument must be str, not bytes
[scrapy.core.engine] INFO: Closing spider (finished)
[geneanet] INFO: NRa Spider 'geneanet' closed :
[geneanet] INFO: - nb_persons         = 0
[geneanet] INFO: - nb_families        = 0
[geneanet] INFO: - max_generations    = 0
[geneanet] INFO: - nb_titres_noblesse = 0
[geneanet] INFO: - nb_errors          = 0
[geneanet] INFO: - nb_warnings        = 0
[geneanet] INFO: Saving to 'result/gw.geneanet.org.nraibaut2_w.lang=fr.n=dupont.oc=0.p=gerard.ged'
[gedcomw.parser] INFO: nra_save_gedcom : saving gedcom to 'result/gw.geneanet.org.nraibaut2_w.lang=fr.n=dupont.oc=0.p=gerard.ged'
[scrapy.statscollectors] INFO: Dumping Scrapy stats:
{'downloader/request_bytes': 801,
 'downloader/request_count': 3,
 'downloader/request_method_count/GET': 3,
 'downloader/response_bytes': 18918,
 'downloader/response_count': 3,
 'downloader/response_status_count/200': 2,
 'downloader/response_status_count/302': 1,
 'elapsed_time_seconds': 0.584051,
 'finish_reason': 'finished',
 'finish_time': datetime.datetime(2023, 8, 7, 17, 47, 54, 145850),
 'httpcompression/response_bytes': 87197,
 'httpcompression/response_count': 2,
 'log_count/DEBUG': 12,
 'log_count/ERROR': 1,
 'log_count/INFO': 20,
 'response_received_count': 2,
 'robotstxt/request_count': 1,
 'robotstxt/response_count': 1,
 'robotstxt/response_status_count/200': 1,
 'scheduler/dequeued': 2,
 'scheduler/dequeued/memory': 2,
 'scheduler/enqueued': 2,
 'scheduler/enqueued/memory': 2,
 'spider_exceptions/TypeError': 1,
 'start_time': datetime.datetime(2023, 8, 7, 17, 47, 53, 561799)}
[scrapy.core.engine] INFO: Spider closed (finished)
[root] INFO: Starting GeneanetSpider 0.1.0
[scrapy.utils.log] INFO: Scrapy 2.9.0 started (bot: geneanet)
[scrapy.utils.log] INFO: Versions: lxml 4.9.2.0, libxml2 2.10.4, cssselect 1.2.0, parsel 1.8.1, w3lib 2.1.1, Twisted 22.10.0, Python 3.11.3 | packaged by conda-forge | (main, Apr  6 2023, 08:50:54) [MSC v.1934 64 bit (AMD64)], pyOpenSSL 23.2.0 (OpenSSL 3.1.1 30 May 2023), cryptography 41.0.0, Platform Windows-10-10.0.22621-SP0
[scrapy.crawler] INFO: Overridden settings:
{'BOT_NAME': 'geneanet',
 'FEED_EXPORT_ENCODING': 'utf-8',
 'NEWSPIDER_MODULE': 'geneanet.spiders',
 'REQUEST_FINGERPRINTER_IMPLEMENTATION': '2.7',
 'ROBOTSTXT_OBEY': True,
 'SPIDER_MODULES': ['geneanet.spiders'],
 'TWISTED_REACTOR': 'twisted.internet.asyncioreactor.AsyncioSelectorReactor'}
[asyncio] DEBUG: Using selector: SelectSelector
[scrapy.utils.log] DEBUG: Using reactor: twisted.internet.asyncioreactor.AsyncioSelectorReactor
[scrapy.utils.log] DEBUG: Using asyncio event loop: asyncio.windows_events._WindowsSelectorEventLoop
[scrapy.extensions.telnet] INFO: Telnet Password: 74d888ff6b689125
[scrapy.middleware] INFO: Enabled extensions:
['scrapy.extensions.corestats.CoreStats',
 'scrapy.extensions.telnet.TelnetConsole',
 'scrapy.extensions.logstats.LogStats']
[scrapy.middleware] INFO: Enabled downloader middlewares:
['scrapy.downloadermiddlewares.robotstxt.RobotsTxtMiddleware',
 'scrapy.downloadermiddlewares.httpauth.HttpAuthMiddleware',
 'scrapy.downloadermiddlewares.downloadtimeout.DownloadTimeoutMiddleware',
 'scrapy.downloadermiddlewares.defaultheaders.DefaultHeadersMiddleware',
 'scrapy.downloadermiddlewares.useragent.UserAgentMiddleware',
 'scrapy.downloadermiddlewares.retry.RetryMiddleware',
 'scrapy.downloadermiddlewares.redirect.MetaRefreshMiddleware',
 'scrapy.downloadermiddlewares.httpcompression.HttpCompressionMiddleware',
 'scrapy.downloadermiddlewares.redirect.RedirectMiddleware',
 'scrapy.downloadermiddlewares.cookies.CookiesMiddleware',
 'scrapy.downloadermiddlewares.httpproxy.HttpProxyMiddleware',
 'scrapy.downloadermiddlewares.stats.DownloaderStats']
[scrapy.middleware] INFO: Enabled spider middlewares:
['scrapy.spidermiddlewares.httperror.HttpErrorMiddleware',
 'scrapy.spidermiddlewares.offsite.OffsiteMiddleware',
 'scrapy.spidermiddlewares.referer.RefererMiddleware',
 'scrapy.spidermiddlewares.urllength.UrlLengthMiddleware',
 'scrapy.spidermiddlewares.depth.DepthMiddleware']
[scrapy.middleware] INFO: Enabled item pipelines:
[]
[scrapy.core.engine] INFO: Spider opened
[scrapy.extensions.logstats] INFO: Crawled 0 pages (at 0 pages/min), scraped 0 items (at 0 items/min)
[scrapy.extensions.telnet] INFO: Telnet console listening on 127.0.0.1:6024
[geneanet] DEBUG: start_requests
[geneanet] DEBUG: URL = https://gw.geneanet.org/nraibaut2_w?lang=fr&n=dupont&oc=0&p=gerard
[geneanet] DEBUG: result_name = gw.geneanet.org.nraibaut2_w.lang=fr.n=dupont.oc=0.p=gerard
[geneanet] DEBUG: gedcom_result_filename = gw.geneanet.org.nraibaut2_w.lang=fr.n=dupont.oc=0.p=gerard.ged
[gedcomw.parser] INFO: nra_set_header : set_header : note='Cette généalogie a été créée par GeneanetSpider le 07/08/2023 à 19:48 à partir de https://gw.geneanet.org/nraibaut2_w?lang=fr&n=dupont&oc=0&p=gerard' ...
[geneanet] DEBUG: csv result = result/gw.geneanet.org.nraibaut2_w.lang=fr.n=dupont.oc=0.p=gerard.csv
[scrapy.core.engine] DEBUG: Crawled (200) <GET https://gw.geneanet.org/robots.txt> (referer: None)
[scrapy.downloadermiddlewares.redirect] DEBUG: Redirecting (302) to <GET https://gw.geneanet.org/nraibaut2?lang=fr&n=dupont&oc=0&p=gerard> from <GET https://gw.geneanet.org/nraibaut2_w?lang=fr&n=dupont&oc=0&p=gerard>
[scrapy.core.engine] DEBUG: Crawled (200) <GET https://gw.geneanet.org/nraibaut2?lang=fr&n=dupont&oc=0&p=gerard> (referer: None)
[geneanet] DEBUG: Saving page https://gw.geneanet.org/nraibaut2?lang=fr&n=dupont&oc=0&p=gerard to 'result/pages/gw.geneanet.org.nraibaut2.lang=fr.n=dupont.oc=0.p=gerard.html'
[geneanet] DEBUG: Generation 1, sosa 1, id @I00001@ : 'Gérard' 'DUPONT' (M) (https://gw.geneanet.org/nraibaut2?lang=fr&n=dupont&oc=0&p=gerard) pause=0ms
[geneanet] DEBUG: Generation 1, sosa 1 : Gérard DUPONT : info = 'Né le 22 mars 1882 - Paris, France'
[geneanet] DEBUG: Generation 1, sosa 1 : Gérard DUPONT : info = 'Baptisé le 18 mai 1882 - Paris, France'
[geneanet] DEBUG: Generation 1, sosa 1 : Gérard DUPONT : info = 'Décédé le 10 avril 1892 - Nice, FRANCE, à l'âge de 10 ans'
[geneanet] DEBUG: Generation 1, sosa 1 : Gérard DUPONT : info = 'Inhumé le 11 avril 1892 - Nice, FRANCE'
[geneanet] DEBUG: Generation 1, sosa 1 : Gérard DUPONT : info = 'Profession de Gérard'
[geneanet] DEBUG: Generation 1, sosa 1 : Gérard DUPONT : titre_noblesse = 'Titre de Gérard'
[geneanet] DEBUG: Generation 1, sosa 1 : Gérard DUPONT : event_nom = 'Naissance  - Paris, France'
[geneanet] DEBUG: Generation 1, sosa 1 : Gérard DUPONT : event_notes = 'Note1 sur la naissance  
Note2 sur la naissance'
[geneanet] DEBUG: Generation 1, sosa 1 : Gérard DUPONT : event_sources = 'Sources: <https://www.source_naissance.fr/>  
Texte1 source naissance  
Texte2 source naissance'
[geneanet] DEBUG: Generation 1, sosa 1 : Gérard DUPONT : event_date = '22 mars 1882'
[geneanet] DEBUG: Generation 1, sosa 1 : Gérard DUPONT : event_nom = 'Baptême  - Paris, France'
[geneanet] DEBUG: Generation 1, sosa 1 : Gérard DUPONT : event_notes = 'Note1 sur le baptême  
Note2 sur le baptême'
[geneanet] DEBUG: Generation 1, sosa 1 : Gérard DUPONT : event_sources = 'Sources: <https://www.source_bapteme.fr/>  
Texte1 source baptême  
Texte2 source baptême'
[geneanet] DEBUG: Generation 1, sosa 1 : Gérard DUPONT : event_date = '18 mai 1882'
[geneanet] DEBUG: Generation 1, sosa 1 : Gérard DUPONT : event_nom = 'Profession'
[geneanet] DEBUG: Generation 1, sosa 1 : Gérard DUPONT : event_notes = 'Profession de Gérard  
Note1 sur la profession  
Note2 sur la profession'
[geneanet] DEBUG: Generation 1, sosa 1 : Gérard DUPONT : event_sources = 'Sources: <https://www.source_profession.fr/>  
Texte1 source profession  
Texte2 source profession'
[geneanet] DEBUG: Generation 1, sosa 1 : Gérard DUPONT : event_nom = 'Domicile  - Lyon, France'
[geneanet] DEBUG: Generation 1, sosa 1 : Gérard DUPONT : event_notes = 'Note1 sur la résidence  
Note2 sur la résidence'
[geneanet] DEBUG: Generation 1, sosa 1 : Gérard DUPONT : event_sources = 'Sources: <https://www.source_residence.fr/>  
Texte1 source résidence  
Texte2 source résidence'
[geneanet] DEBUG: Generation 1, sosa 1 : Gérard DUPONT : event_nom = 'Diplôme  - Nice, FRANCE'
[geneanet] DEBUG: Generation 1, sosa 1 : Gérard DUPONT : event_notes = 'Certificat d'études  
Note1 sur diplôme  
Note2 sur diplôme'
[geneanet] DEBUG: Generation 1, sosa 1 : Gérard DUPONT : event_sources = 'Sources: <https://www.source_diplome.fr/>  
Texte1 source diplôme  
Texte2 source diplôme'
[geneanet] DEBUG: Generation 1, sosa 1 : Gérard DUPONT : event_date = '1er juillet 1891'
[geneanet] DEBUG: Generation 1, sosa 1 : Gérard DUPONT : event_nom = 'Décès  - Nice, FRANCE'
[geneanet] DEBUG: Generation 1, sosa 1 : Gérard DUPONT : event_notes = 'Note1 sur le décès  
Note2 sur le décès'
[geneanet] DEBUG: Generation 1, sosa 1 : Gérard DUPONT : event_sources = 'Sources: <https://www.source_deces.fr/> \- Texte1 source décès  
Texte2 source décès'
[geneanet] DEBUG: Generation 1, sosa 1 : Gérard DUPONT : event_date = '10 avril 1892'
[geneanet] DEBUG: Generation 1, sosa 1 : Gérard DUPONT : event_nom = 'Inhumation  - Nice, FRANCE'
[geneanet] DEBUG: Generation 1, sosa 1 : Gérard DUPONT : event_notes = 'Note1 sur l'inhumation  
Note2 sur l'inhumation'
[geneanet] DEBUG: Generation 1, sosa 1 : Gérard DUPONT : event_sources = 'Sources: <https://www.source_inhumation.fr/>  
Texte1 source inhumation  
Texte2 source inhumation'
[geneanet] DEBUG: Generation 1, sosa 1 : Gérard DUPONT : event_date = '11 avril 1892'
[geneanet] DEBUG: Generation 1, sosa 1 : Gérard DUPONT : source = '* Personne: <https://www.source_general.fr/>  
Texte1 source général  
Texte2 source général'
[geneanet] DEBUG: URL parent (forme 2) 1 = https://gw.geneanet.org/nraibaut2?lang=fr&p=pierre&n=dupont
[geneanet] DEBUG: URL parent (forme 2) 2 = https://gw.geneanet.org/nraibaut2?lang=fr&p=marie+paule&n=durand
[scrapy.core.engine] DEBUG: Crawled (200) <GET https://gw.geneanet.org/nraibaut2?lang=fr&p=pierre&n=dupont> (referer: https://gw.geneanet.org/nraibaut2?lang=fr&n=dupont&oc=0&p=gerard)
[scrapy.core.engine] DEBUG: Crawled (200) <GET https://gw.geneanet.org/nraibaut2?lang=fr&p=marie+paule&n=durand> (referer: https://gw.geneanet.org/nraibaut2?lang=fr&n=dupont&oc=0&p=gerard)
[geneanet] DEBUG: Saving page https://gw.geneanet.org/nraibaut2?lang=fr&p=pierre&n=dupont to 'result/pages/gw.geneanet.org.nraibaut2.lang=fr.p=pierre.n=dupont.html'
[geneanet] DEBUG: Generation 2, sosa 2, id @I00002@ : 'Pierre' 'DUPONT' (M) (https://gw.geneanet.org/nraibaut2?lang=fr&p=pierre&n=dupont) pause=0ms
[geneanet] DEBUG: 'Pierre' 'DUPONT' parent de @I00001@
[geneanet] DEBUG: Generation 2, sosa 2 : Pierre DUPONT : info = 'Né le 1er septembre 1850'
[geneanet] DEBUG: Generation 2, sosa 2 : Pierre DUPONT : info = 'Décédé le 1er avril 1895, à l'âge de 44 ans'
[geneanet] DEBUG: Generation 2, sosa 2 : Pierre DUPONT : source = '* Naissance: <https://www.source_naissance.fr/>  
Texte1 source naissance  
Texte2 source naissance'
[geneanet] DEBUG: Generation 2, sosa 2 : Pierre DUPONT : source = '* Union: <https://www.source_mariage.fr/>  
Texte1 source mariage  
Texte2 source mariage'
[geneanet] DEBUG: Generation 2, sosa 2 : Pierre DUPONT : source = '* Décès: <https://www.source_deces.fr/> \- Texte1 source décès  
Texte2 source décès'
[geneanet] DEBUG: URL parent (forme 2) 1 = https://gw.geneanet.org/nraibaut2?lang=fr&p=jean&n=dates
[geneanet] DEBUG: URL parent (forme 2) 2 = https://gw.geneanet.org/nraibaut2?lang=fr&p=jeanne&n=inn
[geneanet] DEBUG: Saving page https://gw.geneanet.org/nraibaut2?lang=fr&p=marie+paule&n=durand to 'result/pages/gw.geneanet.org.nraibaut2.lang=fr.p=marie+paule.n=durand.html'
[geneanet] DEBUG: Generation 2, sosa 3, id @I00003@ : 'Marie Paule' 'DURAND' (F) (https://gw.geneanet.org/nraibaut2?lang=fr&p=marie+paule&n=durand) pause=0ms
[geneanet] DEBUG: 'Marie Paule' 'DURAND' parent de @I00001@
[geneanet] DEBUG: Generation 2, sosa 3 : Marie Paule DURAND : source = '* Union: <https://www.source_mariage.fr/>  
Texte1 source mariage  
Texte2 source mariage'
[scrapy.core.engine] DEBUG: Crawled (200) <GET https://gw.geneanet.org/nraibaut2?lang=fr&p=jean&n=dates> (referer: https://gw.geneanet.org/nraibaut2?lang=fr&p=pierre&n=dupont)
[scrapy.core.engine] DEBUG: Crawled (200) <GET https://gw.geneanet.org/nraibaut2?lang=fr&p=jeanne&n=inn> (referer: https://gw.geneanet.org/nraibaut2?lang=fr&p=pierre&n=dupont)
[geneanet] DEBUG: Saving page https://gw.geneanet.org/nraibaut2?lang=fr&p=jean&n=dates to 'result/pages/gw.geneanet.org.nraibaut2.lang=fr.p=jean.n=dates.html'
[geneanet] DEBUG: Generation 3, sosa 4, id @I00004@ : 'Jean' 'DATES' (M) (https://gw.geneanet.org/nraibaut2?lang=fr&p=jean&n=dates) pause=8ms
[geneanet] DEBUG: 'Jean' 'DATES' parent de @I00002@
[geneanet] DEBUG: Generation 3, sosa 4 : Jean DATES : info = 'Né vers juillet 1802'
[geneanet] DEBUG: Generation 3, sosa 4 : Jean DATES : info = 'Baptisé peut-être le 23 février 1803'
[geneanet] DEBUG: Generation 3, sosa 4 : Jean DATES : info = 'Décédé vers 1er juin 1885, à l'âge d'environ 82 ans'
[geneanet] DEBUG: Generation 3, sosa 4 : Jean DATES : event_nom = 'Naissance'
[geneanet] DEBUG: Generation 3, sosa 4 : Jean DATES : event_notes = 'Date environ'
[geneanet] DEBUG: Generation 3, sosa 4 : Jean DATES : event_date = 'vers juillet 1802'
[geneanet] DEBUG: Generation 3, sosa 4 : Jean DATES : event_nom = 'Baptême'
[geneanet] DEBUG: Generation 3, sosa 4 : Jean DATES : event_notes = 'Date estimée'
[geneanet] DEBUG: Generation 3, sosa 4 : Jean DATES : event_date = 'peut-être 23 février 1803'
[geneanet] DEBUG: Generation 3, sosa 4 : Jean DATES : event_nom = 'Retraite'
[geneanet] DEBUG: Generation 3, sosa 4 : Jean DATES : event_notes = 'Date interprêtée'
[geneanet] DEBUG: Generation 3, sosa 4 : Jean DATES : event_date = 'vers 1872'
[geneanet] DEBUG: Generation 3, sosa 4 : Jean DATES : event_nom = 'Décès'
[geneanet] DEBUG: Generation 3, sosa 4 : Jean DATES : event_notes = 'Date calculée'
[geneanet] DEBUG: Generation 3, sosa 4 : Jean DATES : event_date = 'vers 1er juin 1885'
[geneanet] DEBUG: Saving page https://gw.geneanet.org/nraibaut2?lang=fr&p=jeanne&n=inn to 'result/pages/gw.geneanet.org.nraibaut2.lang=fr.p=jeanne.n=inn.html'
[geneanet] DEBUG: Generation 3, sosa 5, id @I00005@ : 'Jeanne' 'INN' (F) (https://gw.geneanet.org/nraibaut2?lang=fr&p=jeanne&n=inn) pause=8ms
[geneanet] DEBUG: 'Jeanne' 'INN' parent de @I00002@
[scrapy.core.engine] INFO: Closing spider (finished)
[geneanet] DEBUG: Famille '@F00001@' : enfant='@I00001@', père='@I00002@', mère='@I00003@'
[geneanet] DEBUG: Famille '@F00002@' : enfant='@I00002@', père='@I00004@', mère='@I00005@'
[geneanet] INFO: NRa Spider 'geneanet' closed :
[geneanet] INFO: - nb_persons         = 5
[geneanet] INFO: - nb_families        = 2
[geneanet] INFO: - max_generations    = 3
[geneanet] INFO: - nb_titres_noblesse = 1
[geneanet] INFO: - nb_errors          = 0
[geneanet] INFO: - nb_warnings        = 0
[geneanet] INFO: Saving to 'result/gw.geneanet.org.nraibaut2_w.lang=fr.n=dupont.oc=0.p=gerard.ged'
[gedcomw.parser] INFO: nra_save_gedcom : saving gedcom to 'result/gw.geneanet.org.nraibaut2_w.lang=fr.n=dupont.oc=0.p=gerard.ged'
[scrapy.statscollectors] INFO: Dumping Scrapy stats:
{'downloader/request_bytes': 2758,
 'downloader/request_count': 7,
 'downloader/request_method_count/GET': 7,
 'downloader/response_bytes': 82635,
 'downloader/response_count': 7,
 'downloader/response_status_count/200': 6,
 'downloader/response_status_count/302': 1,
 'elapsed_time_seconds': 1.365557,
 'finish_reason': 'finished',
 'finish_time': datetime.datetime(2023, 8, 7, 17, 48, 56, 127844),
 'httpcompression/response_bytes': 412379,
 'httpcompression/response_count': 6,
 'log_count/DEBUG': 89,
 'log_count/INFO': 20,
 'request_depth_max': 2,
 'response_received_count': 6,
 'robotstxt/request_count': 1,
 'robotstxt/response_count': 1,
 'robotstxt/response_status_count/200': 1,
 'scheduler/dequeued': 6,
 'scheduler/dequeued/memory': 6,
 'scheduler/enqueued': 6,
 'scheduler/enqueued/memory': 6,
 'start_time': datetime.datetime(2023, 8, 7, 17, 48, 54, 762287)}
[scrapy.core.engine] INFO: Spider closed (finished)
