[root] INFO: Starting GeneanetSpider 1.0.13
[scrapy.utils.log] INFO: Scrapy 2.9.0 started (bot: geneanet)
[scrapy.utils.log] INFO: Versions: lxml 4.9.2.0, libxml2 2.10.4, cssselect 1.2.0, parsel 1.8.1, w3lib 2.1.1, Twisted 22.10.0, Python 3.11.3 | packaged by conda-forge | (main, Apr  6 2023, 08:50:54) [MSC v.1934 64 bit (AMD64)], pyOpenSSL 23.2.0 (OpenSSL 3.1.1 30 May 2023), cryptography 41.0.0, Platform Windows-10-10.0.22621-SP0
[scrapy.crawler] INFO: Overridden settings:
{'BOT_NAME': 'geneanet',
 'FEED_EXPORT_ENCODING': 'utf-8',
 'NEWSPIDER_MODULE': 'geneanet.spiders',
 'REQUEST_FINGERPRINTER_IMPLEMENTATION': '2.7',
 'ROBOTSTXT_OBEY': True,
 'SPIDER_MODULES': ['geneanet.spiders'],
 'TWISTED_REACTOR': 'twisted.internet.asyncioreactor.AsyncioSelectorReactor'}
[asyncio] DEBUG: Using selector: SelectSelector
[scrapy.utils.log] DEBUG: Using reactor: twisted.internet.asyncioreactor.AsyncioSelectorReactor
[scrapy.utils.log] DEBUG: Using asyncio event loop: asyncio.windows_events._WindowsSelectorEventLoop
[scrapy.extensions.telnet] INFO: Telnet Password: 8ebd1aec3da22f66
[scrapy.middleware] INFO: Enabled extensions:
['scrapy.extensions.corestats.CoreStats',
 'scrapy.extensions.telnet.TelnetConsole',
 'scrapy.extensions.logstats.LogStats']
[scrapy.middleware] INFO: Enabled downloader middlewares:
['scrapy.downloadermiddlewares.robotstxt.RobotsTxtMiddleware',
 'scrapy.downloadermiddlewares.httpauth.HttpAuthMiddleware',
 'scrapy.downloadermiddlewares.downloadtimeout.DownloadTimeoutMiddleware',
 'scrapy.downloadermiddlewares.defaultheaders.DefaultHeadersMiddleware',
 'scrapy.downloadermiddlewares.useragent.UserAgentMiddleware',
 'scrapy.downloadermiddlewares.retry.RetryMiddleware',
 'scrapy.downloadermiddlewares.redirect.MetaRefreshMiddleware',
 'scrapy.downloadermiddlewares.httpcompression.HttpCompressionMiddleware',
 'scrapy.downloadermiddlewares.redirect.RedirectMiddleware',
 'scrapy.downloadermiddlewares.cookies.CookiesMiddleware',
 'scrapy.downloadermiddlewares.httpproxy.HttpProxyMiddleware',
 'scrapy.downloadermiddlewares.stats.DownloaderStats']
[scrapy.middleware] INFO: Enabled spider middlewares:
['scrapy.spidermiddlewares.httperror.HttpErrorMiddleware',
 'scrapy.spidermiddlewares.offsite.OffsiteMiddleware',
 'scrapy.spidermiddlewares.referer.RefererMiddleware',
 'scrapy.spidermiddlewares.urllength.UrlLengthMiddleware',
 'scrapy.spidermiddlewares.depth.DepthMiddleware']
[scrapy.middleware] INFO: Enabled item pipelines:
[]
[scrapy.core.engine] INFO: Spider opened
[scrapy.extensions.logstats] INFO: Crawled 0 pages (at 0 pages/min), scraped 0 items (at 0 items/min)
[scrapy.extensions.telnet] INFO: Telnet console listening on 127.0.0.1:6023
[geneanet] DEBUG: start_requests
[geneanet] DEBUG: URL = https://gw.geneanet.org/bboluix1?lang=fr&n=michel&oc=0&p=andre+michel
[geneanet] DEBUG: result_name = gw.geneanet.org.bboluix1.lang=fr.n=michel.oc=0.p=andre+michel
[geneanet] DEBUG: gedcom_result_filename = gw.geneanet.org.bboluix1.lang=fr.n=michel.oc=0.p=andre+michel.ged
[gedcomw.parser] INFO: nra_set_header : set_header : note='Cette généalogie a été créée par GeneanetSpider 1.0.13 le 08/09/2023 à 01:00 à partir de https://gw.geneanet.org/bboluix1?lang=fr&n=michel&oc=0&p=andre+michel' ...
[geneanet] DEBUG: csv persons = result/gw.geneanet.org.bboluix1.lang=fr.n=michel.oc=0.p=andre+michel.persons.csv
[geneanet] DEBUG: csv events = result/gw.geneanet.org.bboluix1.lang=fr.n=michel.oc=0.p=andre+michel.events.csv
[geneanet] DEBUG: csv unions = result/gw.geneanet.org.bboluix1.lang=fr.n=michel.oc=0.p=andre+michel.unions.csv
[geneanet] DEBUG: Root URL = https://gw.geneanet.org/bboluix1?lang=fr&n=michel&oc=0&p=andre+michel (true='https://gw.geneanet.org/bboluix1?lang=fr&n=michel&oc=0&p=andre+michel', to_scan='file:D:\Users\Nicolas\Documents\Python\geneanet/result/pages/gw.geneanet.org.bboluix1.lang=fr.n=michel.oc=0.p=andre+michel.html')
[scrapy.core.engine] DEBUG: Crawled (200) <GET file:///D:%5CUsers%5CNicolas%5CDocuments%5CPython%5Cgeneanet/result/pages/gw.geneanet.org.bboluix1.lang=fr.n=michel.oc=0.p=andre+michel.html> (referer: None)
[geneanet] DEBUG: Generation 1, sosa 1, id @I00001@ : 'André Michel' 'Michel' (M) (https://gw.geneanet.org/bboluix1?lang=fr&n=michel&oc=0&p=andre+michel)
[geneanet] DEBUG: Generation 1, sosa 1 : André Michel Michel : info = 'Né le 12 avril 1563 - Apt, 84003, Vaucluse, Provence-Alpes-Côte d'Azur, France'
[geneanet] DEBUG: Generation 1, sosa 1 : André Michel Michel : --> event_name2='Naissance' event_date2='12 avril 1563' event_place2='Apt, 84003, Vaucluse, Provence-Alpes-Côte d'Azur, France' 
[geneanet] DEBUG: Generation 1, sosa 1 : André Michel Michel : info = 'Décédé après 1649 - Apt, 84003, Vaucluse, Provence-Alpes-Côte d'Azur, France'
[geneanet] DEBUG: Generation 1, sosa 1 : André Michel Michel : --> event_name2='Décès' event_date2='après 1649' event_place2='Apt, 84003, Vaucluse, Provence-Alpes-Côte d'Azur, France' 
[geneanet] DEBUG: Generation 1, sosa 1 : André Michel Michel : note 1 (type 'Naissance') : note_text='22?'
[geneanet] DEBUG: URL parent 1 (forme 2) de https://gw.geneanet.org/bboluix1?lang=fr&n=michel&oc=0&p=andre+michel = file:///D:%5CUsers%5CNicolas%5CDocuments%5CPython%5Cgeneanet/result/pages/bboluix1?lang=fr&iz=122&p=jean&n=michel&oc=3 (true='https://gw.geneanet.org/bboluix1?lang=fr&iz=122&p=jean&n=michel&oc=3', to_scan='file:D:\Users\Nicolas\Documents\Python\geneanet/result/pages/gw.geneanet.org.bboluix1.lang=fr.iz=122.p=jean.n=michel.oc=3.html'
[scrapy.core.engine] DEBUG: Crawled (200) <GET file:///D:%5CUsers%5CNicolas%5CDocuments%5CPython%5Cgeneanet/result/pages/gw.geneanet.org.bboluix1.lang=fr.iz=122.p=jean.n=michel.oc=3.html> (referer: None)
[geneanet] DEBUG: URL parent 2 (forme 2) de https://gw.geneanet.org/bboluix1?lang=fr&n=michel&oc=0&p=andre+michel = file:///D:%5CUsers%5CNicolas%5CDocuments%5CPython%5Cgeneanet/result/pages/bboluix1?lang=fr&iz=122&p=guillaumette&n=gourdon (true='https://gw.geneanet.org/bboluix1?lang=fr&iz=122&p=guillaumette&n=gourdon', to_scan='file:D:\Users\Nicolas\Documents\Python\geneanet/result/pages/gw.geneanet.org.bboluix1.lang=fr.iz=122.p=guillaumette.n=gourdon.html'
[geneanet] DEBUG: Generation 1, sosa 1 : André Michel Michel : union 1 = debut='* Marié _vers 1594_' nom_conjoint='![sosa' url_conjoint='https://gw.geneanet.org/bboluix1?lang=fr&iz=122&p=honorade&n=blanc' 
[gedcomw.element.element] INFO: manage_events : @I00001@ 'André Michel' 'Michel' : name='Naissance', date='12 avril 1563', place='Apt, 84003, Vaucluse, Provence-Alpes-Côte d'Azur, France', notes='22?', source='None'
[gedcomw.element.element] INFO: manage_events : @I00001@ 'André Michel' 'Michel' : name='Décès', date='après 1649', place='Apt, 84003, Vaucluse, Provence-Alpes-Côte d'Azur, France', notes='None', source='None'
[geneanet] DEBUG: Generation 1, sosa 1 : André Michel Michel : rubrique='Parents'
[geneanet] DEBUG: Generation 1, sosa 1 : André Michel Michel : rubrique='Union(s) et enfant(s)'
[geneanet] DEBUG: Generation 1, sosa 1 : André Michel Michel : rubrique='Notes'
[geneanet] DEBUG: Generation 1, sosa 1 : André Michel Michel : rubrique='Photos & documents'
[geneanet] DEBUG: Generation 1, sosa 1 : André Michel Michel : rubrique='Aperçu de l'arbre'
[scrapy.core.engine] DEBUG: Crawled (200) <GET file:///D:%5CUsers%5CNicolas%5CDocuments%5CPython%5Cgeneanet/result/pages/gw.geneanet.org.bboluix1.lang=fr.iz=122.p=guillaumette.n=gourdon.html> (referer: None)
[geneanet] DEBUG: Generation 2, sosa 2, id @I00002@ : 'Jean' 'Michel' (M) (https://gw.geneanet.org/bboluix1?lang=fr&iz=122&p=jean&n=michel&oc=3)
[geneanet] DEBUG: Generation 2, sosa 2 : Jean Michel : info = 'Décédé'
[geneanet] DEBUG: Generation 2, sosa 2 : Jean Michel : --> event_name2='Décès' event_date2='' event_place2='None' 
[geneanet] DEBUG: Generation 2, sosa 2 : Jean Michel : union 1 = debut='* Marié' nom_conjoint='![sosa' url_conjoint='https://gw.geneanet.org/bboluix1?lang=fr&iz=122&p=guillaumette&n=gourdon' 
[gedcomw.element.element] INFO: manage_events : @I00002@ 'Jean' 'Michel' : name='Décès', date='', place='None', notes='None', source='None'
[geneanet] DEBUG: Generation 2, sosa 2 : Jean Michel : rubrique='Union(s) et enfant(s)'
[geneanet] DEBUG: Generation 2, sosa 2 : Jean Michel : rubrique='Photos & documents'
[geneanet] DEBUG: Generation 2, sosa 2 : Jean Michel : rubrique='Aperçu de l'arbre'
[geneanet] DEBUG: Generation 2, sosa 3, id @I00003@ : 'Guillaumette' 'Gourdon' (F) (https://gw.geneanet.org/bboluix1?lang=fr&iz=122&p=guillaumette&n=gourdon)
[geneanet] DEBUG: Generation 2, sosa 3 : Guillaumette Gourdon : info = 'Décédée'
[geneanet] DEBUG: Generation 2, sosa 3 : Guillaumette Gourdon : --> event_name2='Décès' event_date2='' event_place2='None' 
[geneanet] DEBUG: Generation 2, sosa 3 : Guillaumette Gourdon : union 1 = debut='* Mariée' nom_conjoint='![sosa' url_conjoint='https://gw.geneanet.org/bboluix1?lang=fr&iz=122&p=jean&n=michel&oc=3' 
[gedcomw.element.element] INFO: manage_events : @I00003@ 'Guillaumette' 'Gourdon' : name='Décès', date='', place='None', notes='None', source='None'
[geneanet] DEBUG: Generation 2, sosa 3 : Guillaumette Gourdon : rubrique='Union(s) et enfant(s)'
[geneanet] DEBUG: Generation 2, sosa 3 : Guillaumette Gourdon : rubrique='Photos & documents'
[geneanet] DEBUG: Generation 2, sosa 3 : Guillaumette Gourdon : rubrique='Aperçu de l'arbre'
[scrapy.core.engine] INFO: Closing spider (finished)
[geneanet] DEBUG: Famille '@F00001@' : père='https://gw.geneanet.org/bboluix1?lang=fr&iz=122&p=jean&n=michel&oc=3', mère='https://gw.geneanet.org/bboluix1?lang=fr&iz=122&p=guillaumette&n=gourdon', 1 enfant(s)
[geneanet] DEBUG: Famille '@F00001@' : enfant='https://gw.geneanet.org/bboluix1?lang=fr&n=michel&oc=0&p=andre+michel', true_url_pere='https://gw.geneanet.org/bboluix1?lang=fr&iz=122&p=jean&n=michel&oc=3', true_url_mere='https://gw.geneanet.org/bboluix1?lang=fr&iz=122&p=guillaumette&n=gourdon' mariage_date='None' mariage_place='None' mariage_source='None'
[geneanet] INFO: NRa Spider 'geneanet' closed :
[geneanet] INFO: - nb_persons            = 3
[geneanet] INFO: - nb_families           = 1
[geneanet] INFO: - 1 relations enfants / parents
[geneanet] INFO: - nb_consanguinites     = 0
[geneanet] INFO: - max_generations       = 2
[geneanet] INFO: - nb_titres_noblesse    = 0 (avec 0 notes(s))
[geneanet] INFO: - nb_sous_titres        = 0
[geneanet] INFO: - nb_notes_longues      = 0
[geneanet] INFO: - multiple_events_count = 0
[geneanet] INFO: - nb_errors             = 0
[geneanet] INFO: - nb_todo               = 0
[geneanet] INFO: - nb_scanned_pages      = 0
[geneanet] INFO: - nb_saved_pages        = 0
[geneanet] INFO: - nb_cached_pages       = 3
[geneanet] INFO: Saving to 'result/gw.geneanet.org.bboluix1.lang=fr.n=michel.oc=0.p=andre+michel.ged'
[gedcomw.parser] INFO: nra_save_gedcom : saving gedcom to 'result/gw.geneanet.org.bboluix1.lang=fr.n=michel.oc=0.p=andre+michel.ged'
[scrapy.statscollectors] INFO: Dumping Scrapy stats:
{'downloader/request_bytes': 998,
 'downloader/request_count': 3,
 'downloader/request_method_count/GET': 3,
 'downloader/response_bytes': 249622,
 'downloader/response_count': 3,
 'downloader/response_status_count/200': 3,
 'elapsed_time_seconds': 0.300139,
 'finish_reason': 'finished',
 'finish_time': datetime.datetime(2023, 9, 7, 23, 0, 4, 919810),
 'log_count/DEBUG': 44,
 'log_count/INFO': 32,
 'request_depth_max': 1,
 'response_received_count': 3,
 'scheduler/dequeued': 3,
 'scheduler/dequeued/memory': 3,
 'scheduler/enqueued': 3,
 'scheduler/enqueued/memory': 3,
 'start_time': datetime.datetime(2023, 9, 7, 23, 0, 4, 619671)}
[scrapy.core.engine] INFO: Spider closed (finished)
